COMMAND: python3 projects/agifcore_master/05_testing/phase_14_sandbox_profiles_and_scale_realization/run_phase_14_mobile_constrained_demo.py
EXIT: 0
STDOUT:
{
  "blocked_budget": {
    "allowed": false,
    "budget_state": "ceiling_blocked",
    "budget_state_catalog": [
      "within_budget",
      "near_ceiling",
      "ceiling_blocked",
      "hibernate_required",
      "profile_mismatch"
    ],
    "cell_manifest_hash": "d583e8f9a6f7c878c1c90cb5e498b547e1d28b6688620e589ead60f5d9ab3bd0",
    "current_active_cells": 0,
    "current_active_tissues": 0,
    "dormant_cell_count": 1000,
    "dormant_cell_preview_ids": [
      "cell_0003",
      "cell_0004",
      "cell_0005",
      "cell_0006",
      "cell_0007",
      "cell_0008",
      "cell_0009",
      "cell_0010",
      "cell_0011",
      "cell_0012",
      "cell_0013",
      "cell_0014",
      "cell_0015",
      "cell_0016",
      "cell_0017",
      "cell_0018",
      "cell_0019",
      "cell_0020",
      "cell_0021",
      "cell_0022",
      "cell_0023",
      "cell_0024",
      "cell_0025",
      "cell_0026",
      "cell_0027",
      "cell_0028",
      "cell_0029",
      "cell_0030",
      "cell_0031",
      "cell_0032",
      "cell_0035",
      "cell_0036"
    ],
    "eligible_cell_count": 896,
    "enforcement_action": "deny",
    "hibernate_candidate_ids": [],
    "invalid_requested_cell_ids": [],
    "max_active_cells": 24,
    "max_active_tissues": 16,
    "min_active_cells": 8,
    "profile": "mobile",
    "profile_manifest_hash": "8132cde1ea5f35cce06612042ae47177b581bb2d691752bd742b9f57aa47ff5c",
    "reason_code": "ACTIVE_CELL_BUDGET_EXCEEDED",
    "receipt_hash": "3710fdf382e7dac85f0194eb88d8919ef240bb1c2904975c2c2b7db56e0645f7",
    "requested_active_cells": 30,
    "requested_active_tissues": 15,
    "schema": "agifcore.phase_14.active_cell_budget.v1",
    "selected_active_cell_count": 24,
    "selected_active_cell_ids": [
      "cell_0001",
      "cell_0002",
      "cell_0033",
      "cell_0034",
      "cell_0065",
      "cell_0066",
      "cell_0097",
      "cell_0098",
      "cell_0129",
      "cell_0130",
      "cell_0161",
      "cell_0162",
      "cell_0193",
      "cell_0194",
      "cell_0225",
      "cell_0226",
      "cell_0257",
      "cell_0258",
      "cell_0289",
      "cell_0290",
      "cell_0321",
      "cell_0322",
      "cell_0353",
      "cell_0354"
    ],
    "selected_active_tissue_count": 12,
    "selected_active_tissue_ids": [
      "tissue_01",
      "tissue_02",
      "tissue_03",
      "tissue_04",
      "tissue_05",
      "tissue_06",
      "tissue_07",
      "tissue_08",
      "tissue_09",
      "tissue_10",
      "tissue_11",
      "tissue_12"
    ],
    "target_active_cells": 16,
    "tissue_manifest_hash": "8fd38cc42a2a84a21d614cc8c5ded2db24f87099f9666f395af9cfbb0530970d"
  },
  "demo_id": "mobile_constrained",
  "evidence_reports": [
    "projects/agifcore_master/06_outputs/phase_14_sandbox_profiles_and_scale_realization/phase_14_evidence/phase_14_profile_manifest_report.json",
    "projects/agifcore_master/06_outputs/phase_14_sandbox_profiles_and_scale_realization/phase_14_evidence/phase_14_active_cell_budget_report.json",
    "projects/agifcore_master/06_outputs/phase_14_sandbox_profiles_and_scale_realization/phase_14_evidence/phase_14_wasmtime_fuel_report.json",
    "projects/agifcore_master/06_outputs/phase_14_sandbox_profiles_and_scale_realization/phase_14_evidence/phase_14_evidence_manifest.json"
  ],
  "fuel_receipt": {
    "admitted": true,
    "bundle_integrity_verified": true,
    "command": [
      "/Users/ahsadin/.wasmtime/bin/wasmtime",
      "run",
      "-W",
      "fuel=25000000",
      "-W",
      "max-memory-size=67108864",
      "-W",
      "timeout=250ms",
      "-W",
      "trap-on-grow-failure=y",
      "--invoke",
      "spin",
      "/Users/ahsadin/Documents/AGIFCore/projects/agifcore_master/06_outputs/phase_14_sandbox_profiles_and_scale_realization/phase_14_demo_bundle/sandbox_packages/phase14_mobile_valid_sample_module.wat"
    ],
    "executed_at": "2026-04-01T14:21:09+00:00",
    "exit_code": 134,
    "fuel_limit": 25000000,
    "function_args": [],
    "function_name": "spin",
    "memory_limit_bytes": 67108864,
    "memory_limit_mb": 64,
    "package_id": "phase14_wasm_package::mobile::valid",
    "phase15_blocked": true,
    "phase16_blocked": true,
    "policy_id": "mobile_constrained_policy",
    "profile": "mobile",
    "profile_allowed": true,
    "reason_code": "FUEL_LIMIT_EXCEEDED",
    "receipt_hash": "ce4cfdcc5357f5b28c8f8d45c9837e51e9f9decdbc52a34a047f83c7ade797ca",
    "sandbox_backend": "wasmtime_cli",
    "sandboxed_execution": true,
    "schema": "agifcore.phase_14.sandbox_execution_receipt.v1",
    "status": "blocked",
    "stderr": "Error: failed to run main module `/Users/ahsadin/Documents/AGIFCore/projects/agifcore_master/06_outputs/phase_14_sandbox_profiles_and_scale_realization/phase_14_demo_bundle/sandbox_packages/phase14_mobile_valid_sample_module.wat`\n\nCaused by:\n    0: failed to invoke `spin`\n    1: error while executing at wasm backtrace:\n    0:     0x5a - <unknown>!<wasm function 1>\n    2: wasm trap: all fuel consumed by WebAssembly",
    "stdout": "",
    "wall_time_limit_ms": 250,
    "wasmtime_cli_path": "/Users/ahsadin/.wasmtime/bin/wasmtime"
  },
  "laptop_contract_hash": "a4b5ddf226b315733337354ea7731744c45d57a5ea440bee9824dbc33b06a0be",
  "mobile_profile_manifest": {
    "active_cell_band": {
      "max": 24,
      "min": 8
    },
    "correctness_privilege": false,
    "diagnostics_scope": "bounded local diagnostics only",
    "profile": "mobile",
    "profile_hash": "8132cde1ea5f35cce06612042ae47177b581bb2d691752bd742b9f57aa47ff5c",
    "profile_role": "constrained product runtime",
    "same_architecture_preserved": true,
    "same_blocked_surface_names": [
      "task_submit",
      "policy_update"
    ],
    "same_contract_hash": "a4b5ddf226b315733337354ea7731744c45d57a5ea440bee9824dbc33b06a0be",
    "same_gateway_route_count": 10,
    "same_public_surfaces": [
      "session_open",
      "conversation_turn",
      "state_export",
      "trace_export",
      "memory_review_export",
      "safe_shutdown"
    ],
    "same_ui_view_count": 7,
    "schema": "agifcore.phase_14.profile_manifest.v1",
    "target_active_cells": 16
  },
  "notes": [
    "review-only mobile constrained demo",
    "Phase 14 remains open",
    "no approval implied"
  ],
  "phase": "14",
  "phase14_shell": {
    "blocked_surface_names": [
      "task_submit",
      "policy_update"
    ],
    "cell_count": 1024,
    "phase13_memory_review_export_hash": "a2d31910f16f441d6f86aea504d0b3fa733a5e83da3c31081e174da6e6c24fb8",
    "phase13_safe_shutdown_hash": "470bc324528a47a2e7ad1dbec8f7268e3b8e917610e95a1edd73fbd821ef6670",
    "phase13_session_id": "phase13_session::ff1815e1d727",
    "phase13_shell_hash": "77d9aff74d27930a32dd735088233428f1eddee7e95ced2ee3b48af13ec95201",
    "phase13_state_export_hash": "5697eb955bc9287c57e16efc33ff7c1cda57e7d5d1760563ae425b45b229df01",
    "phase15_blocked": true,
    "phase16_blocked": true,
    "profile_manifest_count": 3,
    "public_surfaces": [
      "session_open",
      "conversation_turn",
      "state_export",
      "trace_export",
      "memory_review_export",
      "safe_shutdown"
    ],
    "sandbox_policy_count": 4,
    "schema": "agifcore.phase_14.sandbox_profile_runtime.v1",
    "snapshot_hash": "0b8258b9a5e861f1d734aedf940d5e6aea3d7c55ba695484c7bcc1f89dadc3b7",
    "tissue_count": 32,
    "wasmtime_available": true,
    "wasmtime_cli_path": "/Users/ahsadin/.wasmtime/bin/wasmtime"
  },
  "status": "open",
  "within_budget": {
    "allowed": true,
    "budget_state": "within_budget",
    "budget_state_catalog": [
      "within_budget",
      "near_ceiling",
      "ceiling_blocked",
      "hibernate_required",
      "profile_mismatch"
    ],
    "cell_manifest_hash": "d583e8f9a6f7c878c1c90cb5e498b547e1d28b6688620e589ead60f5d9ab3bd0",
    "current_active_cells": 0,
    "current_active_tissues": 0,
    "dormant_cell_count": 1008,
    "dormant_cell_preview_ids": [
      "cell_0003",
      "cell_0004",
      "cell_0005",
      "cell_0006",
      "cell_0007",
      "cell_0008",
      "cell_0009",
      "cell_0010",
      "cell_0011",
      "cell_0012",
      "cell_0013",
      "cell_0014",
      "cell_0015",
      "cell_0016",
      "cell_0017",
      "cell_0018",
      "cell_0019",
      "cell_0020",
      "cell_0021",
      "cell_0022",
      "cell_0023",
      "cell_0024",
      "cell_0025",
      "cell_0026",
      "cell_0027",
      "cell_0028",
      "cell_0029",
      "cell_0030",
      "cell_0031",
      "cell_0032",
      "cell_0035",
      "cell_0036"
    ],
    "eligible_cell_count": 896,
    "enforcement_action": "admit",
    "hibernate_candidate_ids": [],
    "invalid_requested_cell_ids": [],
    "max_active_cells": 24,
    "max_active_tissues": 16,
    "min_active_cells": 8,
    "profile": "mobile",
    "profile_manifest_hash": "8132cde1ea5f35cce06612042ae47177b581bb2d691752bd742b9f57aa47ff5c",
    "reason_code": "ACTIVE_CELL_BUDGET_WITHIN_LIMITS",
    "receipt_hash": "a62db258b081633d83df149750850475f65ea112fad9748c73886cd3a6e5e0e1",
    "requested_active_cells": 16,
    "requested_active_tissues": 8,
    "schema": "agifcore.phase_14.active_cell_budget.v1",
    "selected_active_cell_count": 16,
    "selected_active_cell_ids": [
      "cell_0001",
      "cell_0002",
      "cell_0033",
      "cell_0034",
      "cell_0065",
      "cell_0066",
      "cell_0097",
      "cell_0098",
      "cell_0129",
      "cell_0130",
      "cell_0161",
      "cell_0162",
      "cell_0193",
      "cell_0194",
      "cell_0225",
      "cell_0226"
    ],
    "selected_active_tissue_count": 8,
    "selected_active_tissue_ids": [
      "tissue_01",
      "tissue_02",
      "tissue_03",
      "tissue_04",
      "tissue_05",
      "tissue_06",
      "tissue_07",
      "tissue_08"
    ],
    "target_active_cells": 16,
    "tissue_manifest_hash": "8fd38cc42a2a84a21d614cc8c5ded2db24f87099f9666f395af9cfbb0530970d"
  }
}

STDERR:
