COMMAND: python3 projects/agifcore_master/05_testing/phase_14_sandbox_profiles_and_scale_realization/run_phase_14_sandbox_enforcement_demo.py
EXIT: 0
STDOUT:
{
  "allowed_receipt": {
    "admitted": true,
    "bundle_integrity_verified": true,
    "command": [
      "/Users/ahsadin/.wasmtime/bin/wasmtime",
      "run",
      "-W",
      "fuel=100000000",
      "-W",
      "max-memory-size=268435456",
      "-W",
      "timeout=1000ms",
      "-W",
      "trap-on-grow-failure=y",
      "--invoke",
      "add",
      "/Users/ahsadin/Documents/AGIFCore/projects/agifcore_master/06_outputs/phase_14_sandbox_profiles_and_scale_realization/phase_14_demo_bundle/sandbox_packages/phase14_laptop_valid_sample_module.wat",
      "1",
      "2"
    ],
    "executed_at": "2026-04-01T14:21:08+00:00",
    "exit_code": 0,
    "fuel_limit": 100000000,
    "function_args": [
      "1",
      "2"
    ],
    "function_name": "add",
    "memory_limit_bytes": 268435456,
    "memory_limit_mb": 256,
    "package_id": "phase14_wasm_package::laptop::valid",
    "phase15_blocked": true,
    "phase16_blocked": true,
    "policy_id": "laptop_default_policy",
    "profile": "laptop",
    "profile_allowed": true,
    "reason_code": "none",
    "receipt_hash": "8392b69ba7bcc2ea5448ed6fd0c7a5023445397290d9e6ddf6d84895efdfd064",
    "sandbox_backend": "wasmtime_cli",
    "sandboxed_execution": true,
    "schema": "agifcore.phase_14.sandbox_execution_receipt.v1",
    "status": "pass",
    "stderr": "warning: using `--invoke` with a function that takes arguments is experimental and may break in the future\nwarning: using `--invoke` with a function that returns values is experimental and may break in the future",
    "stdout": "3",
    "wall_time_limit_ms": 1000,
    "wasmtime_cli_path": "/Users/ahsadin/.wasmtime/bin/wasmtime"
  },
  "demo_id": "sandbox_enforcement",
  "evidence_reports": [
    "projects/agifcore_master/06_outputs/phase_14_sandbox_profiles_and_scale_realization/phase_14_evidence/phase_14_sandbox_report.json",
    "projects/agifcore_master/06_outputs/phase_14_sandbox_profiles_and_scale_realization/phase_14_evidence/phase_14_wasmtime_fuel_report.json",
    "projects/agifcore_master/06_outputs/phase_14_sandbox_profiles_and_scale_realization/phase_14_evidence/phase_14_wasmtime_memory_report.json",
    "projects/agifcore_master/06_outputs/phase_14_sandbox_profiles_and_scale_realization/phase_14_evidence/phase_14_wasmtime_wall_time_report.json",
    "projects/agifcore_master/06_outputs/phase_14_sandbox_profiles_and_scale_realization/phase_14_evidence/phase_14_evidence_manifest.json"
  ],
  "fuel_receipt": {
    "admitted": true,
    "bundle_integrity_verified": true,
    "command": [
      "/Users/ahsadin/.wasmtime/bin/wasmtime",
      "run",
      "-W",
      "fuel=25000000",
      "-W",
      "max-memory-size=67108864",
      "-W",
      "timeout=250ms",
      "-W",
      "trap-on-grow-failure=y",
      "--invoke",
      "spin",
      "/Users/ahsadin/Documents/AGIFCore/projects/agifcore_master/06_outputs/phase_14_sandbox_profiles_and_scale_realization/phase_14_demo_bundle/sandbox_packages/phase14_mobile_valid_sample_module.wat"
    ],
    "executed_at": "2026-04-01T14:21:08+00:00",
    "exit_code": 134,
    "fuel_limit": 25000000,
    "function_args": [],
    "function_name": "spin",
    "memory_limit_bytes": 67108864,
    "memory_limit_mb": 64,
    "package_id": "phase14_wasm_package::mobile::valid",
    "phase15_blocked": true,
    "phase16_blocked": true,
    "policy_id": "mobile_constrained_policy",
    "profile": "mobile",
    "profile_allowed": true,
    "reason_code": "FUEL_LIMIT_EXCEEDED",
    "receipt_hash": "66265efa8400ffcb2b797cce37ebf76d956fe744c5f227828164a5647a3b3597",
    "sandbox_backend": "wasmtime_cli",
    "sandboxed_execution": true,
    "schema": "agifcore.phase_14.sandbox_execution_receipt.v1",
    "status": "blocked",
    "stderr": "Error: failed to run main module `/Users/ahsadin/Documents/AGIFCore/projects/agifcore_master/06_outputs/phase_14_sandbox_profiles_and_scale_realization/phase_14_demo_bundle/sandbox_packages/phase14_mobile_valid_sample_module.wat`\n\nCaused by:\n    0: failed to invoke `spin`\n    1: error while executing at wasm backtrace:\n    0:     0x5a - <unknown>!<wasm function 1>\n    2: wasm trap: all fuel consumed by WebAssembly",
    "stdout": "",
    "wall_time_limit_ms": 250,
    "wasmtime_cli_path": "/Users/ahsadin/.wasmtime/bin/wasmtime"
  },
  "memory_receipt": {
    "admitted": true,
    "bundle_integrity_verified": true,
    "command": [
      "/Users/ahsadin/.wasmtime/bin/wasmtime",
      "run",
      "-W",
      "fuel=5000000000",
      "-W",
      "max-memory-size=33554432",
      "-W",
      "timeout=100ms",
      "-W",
      "trap-on-grow-failure=y",
      "--invoke",
      "grow_to_pages",
      "/Users/ahsadin/Documents/AGIFCore/projects/agifcore_master/06_outputs/phase_14_sandbox_profiles_and_scale_realization/phase_14_demo_bundle/sandbox_packages/phase14_mobile_valid_sample_module.wat",
      "600"
    ],
    "executed_at": "2026-04-01T14:21:08+00:00",
    "exit_code": 1,
    "fuel_limit": 5000000000,
    "function_args": [
      "600"
    ],
    "function_name": "grow_to_pages",
    "memory_limit_bytes": 33554432,
    "memory_limit_mb": 32,
    "package_id": "phase14_wasm_package::mobile::valid",
    "phase15_blocked": true,
    "phase16_blocked": true,
    "policy_id": "strict_fail_closed_policy",
    "profile": "mobile",
    "profile_allowed": true,
    "reason_code": "MEMORY_LIMIT_EXCEEDED",
    "receipt_hash": "6128fc9a36c81da38f501adb1477534545c6cbad36061874aa807cac0e45a43f",
    "sandbox_backend": "wasmtime_cli",
    "sandboxed_execution": true,
    "schema": "agifcore.phase_14.sandbox_execution_receipt.v1",
    "status": "blocked",
    "stderr": "warning: using `--invoke` with a function that takes arguments is experimental and may break in the future\nError: failed to run main module `/Users/ahsadin/Documents/AGIFCore/projects/agifcore_master/06_outputs/phase_14_sandbox_profiles_and_scale_realization/phase_14_demo_bundle/sandbox_packages/phase14_mobile_valid_sample_module.wat`\n\nCaused by:\n    0: failed to invoke `grow_to_pages`\n    1: error while executing at wasm backtrace:\n    0:     0x64 - <unknown>!<wasm function 2>\n    2: forcing trap when growing memory to 39387136 bytes",
    "stdout": "",
    "wall_time_limit_ms": 100,
    "wasmtime_cli_path": "/Users/ahsadin/.wasmtime/bin/wasmtime"
  },
  "notes": [
    "review-only sandbox enforcement demo",
    "Phase 14 remains open",
    "no approval implied"
  ],
  "phase": "14",
  "phase14_shell": {
    "blocked_surface_names": [
      "task_submit",
      "policy_update"
    ],
    "cell_count": 1024,
    "phase13_memory_review_export_hash": "a2d31910f16f441d6f86aea504d0b3fa733a5e83da3c31081e174da6e6c24fb8",
    "phase13_safe_shutdown_hash": "e5f49e04415daf7320c4ed41aa271a7b79c3d471fc97a89098cdf782f19946ba",
    "phase13_session_id": "phase13_session::ff1815e1d727",
    "phase13_shell_hash": "1ee395516fd64badcaede10558e75ba8b3a84f0141a79ef1c4d508ea62e89285",
    "phase13_state_export_hash": "7b68148fcf82724a3d9362e17c0aef5145ad3e514766e77799756d957af6b6e5",
    "phase15_blocked": true,
    "phase16_blocked": true,
    "profile_manifest_count": 3,
    "public_surfaces": [
      "session_open",
      "conversation_turn",
      "state_export",
      "trace_export",
      "memory_review_export",
      "safe_shutdown"
    ],
    "sandbox_policy_count": 4,
    "schema": "agifcore.phase_14.sandbox_profile_runtime.v1",
    "snapshot_hash": "6cec4eb3720400d8d3baff47998b0d95c2d78eb69231b7fe10ae4124cfa13fe9",
    "tissue_count": 32,
    "wasmtime_available": true,
    "wasmtime_cli_path": "/Users/ahsadin/.wasmtime/bin/wasmtime"
  },
  "sandbox_policies": {
    "catalog_hash": "97d34c76f7ae47569ab743d8a3722bc616e447cb78598ea157641444fcd3bfdc",
    "policies": [
      {
        "allowed_profiles": [
          "mobile"
        ],
        "bundle_integrity_required": true,
        "description": "mobile fail-closed constrained package execution",
        "fuel_class_id": "mobile_constrained",
        "memory_class_id": "mobile_constrained",
        "phase15_blocked": true,
        "phase16_blocked": true,
        "policy_hash": "92668271683484a55e35e23df1c1500aa96ad5ea54ceaae1477dcf40123202c8",
        "policy_id": "mobile_constrained_policy",
        "sandbox_process_model": "dedicated_wasmtime_subprocess",
        "schema": "agifcore.phase_14.sandbox_policy.v1",
        "wall_time_class_id": "mobile_constrained"
      },
      {
        "allowed_profiles": [
          "laptop"
        ],
        "bundle_integrity_required": true,
        "description": "reference laptop package execution",
        "fuel_class_id": "laptop_default",
        "memory_class_id": "laptop_default",
        "phase15_blocked": true,
        "phase16_blocked": true,
        "policy_hash": "ed0885f814295d22a74b90bf8f9600e379e7bc5bbb71b5197ced9395c2e69554",
        "policy_id": "laptop_default_policy",
        "sandbox_process_model": "dedicated_wasmtime_subprocess",
        "schema": "agifcore.phase_14.sandbox_policy.v1",
        "wall_time_class_id": "laptop_default"
      },
      {
        "allowed_profiles": [
          "builder"
        ],
        "bundle_integrity_required": true,
        "description": "builder diagnostics without correctness privilege",
        "fuel_class_id": "builder_diagnostic",
        "memory_class_id": "builder_diagnostic",
        "phase15_blocked": true,
        "phase16_blocked": true,
        "policy_hash": "ee649a3828b01fc40dd9068a6ddd47207bd623ba55c5abc9f0881216c74205fe",
        "policy_id": "builder_diagnostic_policy",
        "sandbox_process_model": "dedicated_wasmtime_subprocess",
        "schema": "agifcore.phase_14.sandbox_policy.v1",
        "wall_time_class_id": "builder_diagnostic"
      },
      {
        "allowed_profiles": [
          "mobile",
          "laptop",
          "builder"
        ],
        "bundle_integrity_required": true,
        "description": "strict deny-first sandbox envelope",
        "fuel_class_id": "strict_fail_closed",
        "memory_class_id": "strict_fail_closed",
        "phase15_blocked": true,
        "phase16_blocked": true,
        "policy_hash": "71d54a05a95f3317a88c17737f8320f79fc4c86a2cb9eed33d03bea46c17e82b",
        "policy_id": "strict_fail_closed_policy",
        "sandbox_process_model": "dedicated_wasmtime_subprocess",
        "schema": "agifcore.phase_14.sandbox_policy.v1",
        "wall_time_class_id": "strict_fail_closed"
      }
    ],
    "policy_count": 4,
    "reason_codes": [
      "WASMTIME_UNAVAILABLE",
      "INVALID_WASM_MODULE",
      "BUNDLE_INTEGRITY_REQUIRED",
      "PROFILE_NOT_ALLOWED",
      "FUEL_LIMIT_EXCEEDED",
      "MEMORY_LIMIT_EXCEEDED",
      "WALL_TIMEOUT_EXCEEDED"
    ],
    "schema": "agifcore.phase_14.sandbox_policy.v1"
  },
  "status": "open",
  "tampered_receipt": {
    "admitted": false,
    "bundle_integrity_verified": false,
    "command": [],
    "executed_at": "2026-04-01T14:21:08+00:00",
    "exit_code": null,
    "fuel_limit": 100000000,
    "function_args": [
      "1",
      "2"
    ],
    "function_name": "add",
    "memory_limit_bytes": 268435456,
    "memory_limit_mb": 256,
    "package_id": "phase14_wasm_package::laptop::tampered",
    "phase15_blocked": true,
    "phase16_blocked": true,
    "policy_id": "laptop_default_policy",
    "profile": "laptop",
    "profile_allowed": true,
    "reason_code": "BUNDLE_INTEGRITY_REQUIRED",
    "receipt_hash": "8b1ace8bcb178b710aa0e325530f770ce5e7b4933697a290ad5352daf31aaf61",
    "sandbox_backend": "wasmtime_cli",
    "sandboxed_execution": true,
    "schema": "agifcore.phase_14.sandbox_execution_receipt.v1",
    "status": "blocked",
    "stderr": "",
    "stdout": "",
    "wall_time_limit_ms": 1000,
    "wasmtime_cli_path": "/Users/ahsadin/.wasmtime/bin/wasmtime"
  },
  "timeout_receipt": {
    "admitted": true,
    "bundle_integrity_verified": true,
    "command": [
      "/Users/ahsadin/.wasmtime/bin/wasmtime",
      "run",
      "-W",
      "fuel=5000000000",
      "-W",
      "max-memory-size=33554432",
      "-W",
      "timeout=100ms",
      "-W",
      "trap-on-grow-failure=y",
      "--invoke",
      "spin",
      "/Users/ahsadin/Documents/AGIFCore/projects/agifcore_master/06_outputs/phase_14_sandbox_profiles_and_scale_realization/phase_14_demo_bundle/sandbox_packages/phase14_mobile_valid_sample_module.wat"
    ],
    "executed_at": "2026-04-01T14:21:08+00:00",
    "exit_code": 134,
    "fuel_limit": 5000000000,
    "function_args": [],
    "function_name": "spin",
    "memory_limit_bytes": 33554432,
    "memory_limit_mb": 32,
    "package_id": "phase14_wasm_package::mobile::valid",
    "phase15_blocked": true,
    "phase16_blocked": true,
    "policy_id": "strict_fail_closed_policy",
    "profile": "mobile",
    "profile_allowed": true,
    "reason_code": "WALL_TIMEOUT_EXCEEDED",
    "receipt_hash": "a3b490b6f342aaea5737c51bb132f4f9ec73370bcf461233449b231b5f0c15e4",
    "sandbox_backend": "wasmtime_cli",
    "sandboxed_execution": true,
    "schema": "agifcore.phase_14.sandbox_execution_receipt.v1",
    "status": "blocked",
    "stderr": "Error: failed to run main module `/Users/ahsadin/Documents/AGIFCore/projects/agifcore_master/06_outputs/phase_14_sandbox_profiles_and_scale_realization/phase_14_demo_bundle/sandbox_packages/phase14_mobile_valid_sample_module.wat`\n\nCaused by:\n    0: failed to invoke `spin`\n    1: error while executing at wasm backtrace:\n    0:     0x5a - <unknown>!<wasm function 1>\n    2: wasm trap: interrupt",
    "stdout": "",
    "wall_time_limit_ms": 100,
    "wasmtime_cli_path": "/Users/ahsadin/.wasmtime/bin/wasmtime"
  }
}

STDERR:
