COMMAND: python3 projects/agifcore_master/05_testing/phase_14_sandbox_profiles_and_scale_realization/run_phase_14_laptop_profile_demo.py
EXIT: 0
STDOUT:
{
  "active_cell_budget": {
    "allowed": true,
    "budget_state": "within_budget",
    "budget_state_catalog": [
      "within_budget",
      "near_ceiling",
      "ceiling_blocked",
      "hibernate_required",
      "profile_mismatch"
    ],
    "cell_manifest_hash": "9a54b2f10f616b7d70d8ecb7c0d0684d8583b0a4918bfbd7a4ecc97236849b18",
    "current_active_cells": 0,
    "current_active_tissues": 0,
    "dormant_cell_count": 928,
    "dormant_cell_preview_ids": [
      "cell_0005",
      "cell_0006",
      "cell_0007",
      "cell_0008",
      "cell_0009",
      "cell_0010",
      "cell_0011",
      "cell_0012",
      "cell_0013",
      "cell_0014",
      "cell_0015",
      "cell_0016",
      "cell_0017",
      "cell_0018",
      "cell_0019",
      "cell_0020",
      "cell_0021",
      "cell_0022",
      "cell_0023",
      "cell_0024",
      "cell_0025",
      "cell_0026",
      "cell_0027",
      "cell_0028",
      "cell_0029",
      "cell_0030",
      "cell_0031",
      "cell_0032",
      "cell_0037",
      "cell_0038",
      "cell_0039",
      "cell_0040"
    ],
    "eligible_cell_count": 1024,
    "enforcement_action": "admit",
    "hibernate_candidate_ids": [],
    "invalid_requested_cell_ids": [],
    "max_active_cells": 128,
    "max_active_tissues": 32,
    "min_active_cells": 64,
    "profile": "laptop",
    "profile_manifest_hash": "bf2b42009e83f7886e5991e41e5a206215ce0fc6b3441a8767be498a5a331ba6",
    "reason_code": "ACTIVE_CELL_BUDGET_WITHIN_LIMITS",
    "receipt_hash": "e1b9ca8ec879d966911e71209e3b381786807708e92eae3398b44d3b3908b4ac",
    "requested_active_cells": 96,
    "requested_active_tissues": 24,
    "schema": "agifcore.phase_14.active_cell_budget.v1",
    "selected_active_cell_count": 96,
    "selected_active_cell_ids": [
      "cell_0001",
      "cell_0002",
      "cell_0003",
      "cell_0004",
      "cell_0033",
      "cell_0034",
      "cell_0035",
      "cell_0036",
      "cell_0065",
      "cell_0066",
      "cell_0067",
      "cell_0068",
      "cell_0097",
      "cell_0098",
      "cell_0099",
      "cell_0100",
      "cell_0129",
      "cell_0130",
      "cell_0131",
      "cell_0132",
      "cell_0161",
      "cell_0162",
      "cell_0163",
      "cell_0164",
      "cell_0193",
      "cell_0194",
      "cell_0195",
      "cell_0196",
      "cell_0225",
      "cell_0226",
      "cell_0227",
      "cell_0228",
      "cell_0257",
      "cell_0258",
      "cell_0259",
      "cell_0260",
      "cell_0289",
      "cell_0290",
      "cell_0291",
      "cell_0292",
      "cell_0321",
      "cell_0322",
      "cell_0323",
      "cell_0324",
      "cell_0353",
      "cell_0354",
      "cell_0355",
      "cell_0356",
      "cell_0385",
      "cell_0386",
      "cell_0387",
      "cell_0388",
      "cell_0417",
      "cell_0418",
      "cell_0419",
      "cell_0420",
      "cell_0449",
      "cell_0450",
      "cell_0451",
      "cell_0452",
      "cell_0481",
      "cell_0482",
      "cell_0483",
      "cell_0484",
      "cell_0513",
      "cell_0514",
      "cell_0515",
      "cell_0516",
      "cell_0545",
      "cell_0546",
      "cell_0547",
      "cell_0548",
      "cell_0577",
      "cell_0578",
      "cell_0579",
      "cell_0580",
      "cell_0609",
      "cell_0610",
      "cell_0611",
      "cell_0612",
      "cell_0641",
      "cell_0642",
      "cell_0643",
      "cell_0644",
      "cell_0673",
      "cell_0674",
      "cell_0675",
      "cell_0676",
      "cell_0705",
      "cell_0706",
      "cell_0707",
      "cell_0708",
      "cell_0737",
      "cell_0738",
      "cell_0739",
      "cell_0740"
    ],
    "selected_active_tissue_count": 24,
    "selected_active_tissue_ids": [
      "tissue_01",
      "tissue_02",
      "tissue_03",
      "tissue_04",
      "tissue_05",
      "tissue_06",
      "tissue_07",
      "tissue_08",
      "tissue_09",
      "tissue_10",
      "tissue_11",
      "tissue_12",
      "tissue_13",
      "tissue_14",
      "tissue_15",
      "tissue_16",
      "tissue_17",
      "tissue_18",
      "tissue_19",
      "tissue_20",
      "tissue_21",
      "tissue_22",
      "tissue_23",
      "tissue_24"
    ],
    "target_active_cells": 96,
    "tissue_manifest_hash": "8fd38cc42a2a84a21d614cc8c5ded2db24f87099f9666f395af9cfbb0530970d"
  },
  "demo_id": "laptop_profile",
  "evidence_reports": [
    "projects/agifcore_master/06_outputs/phase_14_sandbox_profiles_and_scale_realization/phase_14_evidence/phase_14_profile_manifest_report.json",
    "projects/agifcore_master/06_outputs/phase_14_sandbox_profiles_and_scale_realization/phase_14_evidence/phase_14_active_cell_budget_report.json",
    "projects/agifcore_master/06_outputs/phase_14_sandbox_profiles_and_scale_realization/phase_14_evidence/phase_14_sandbox_report.json",
    "projects/agifcore_master/06_outputs/phase_14_sandbox_profiles_and_scale_realization/phase_14_evidence/phase_14_evidence_manifest.json"
  ],
  "laptop_profile_manifest": {
    "active_cell_band": {
      "max": 128,
      "min": 64
    },
    "correctness_privilege": false,
    "diagnostics_scope": "reference evidence capture",
    "profile": "laptop",
    "profile_hash": "bf2b42009e83f7886e5991e41e5a206215ce0fc6b3441a8767be498a5a331ba6",
    "profile_role": "reference product runtime",
    "same_architecture_preserved": true,
    "same_blocked_surface_names": [
      "task_submit",
      "policy_update"
    ],
    "same_contract_hash": "a4b5ddf226b315733337354ea7731744c45d57a5ea440bee9824dbc33b06a0be",
    "same_gateway_route_count": 10,
    "same_public_surfaces": [
      "session_open",
      "conversation_turn",
      "state_export",
      "trace_export",
      "memory_review_export",
      "safe_shutdown"
    ],
    "same_ui_view_count": 7,
    "schema": "agifcore.phase_14.profile_manifest.v1",
    "target_active_cells": 96
  },
  "notes": [
    "review-only laptop profile demo",
    "Phase 14 remains open",
    "no approval implied"
  ],
  "phase": "14",
  "phase14_shell": {
    "blocked_surface_names": [
      "task_submit",
      "policy_update"
    ],
    "cell_count": 1024,
    "phase13_memory_review_export_hash": "a2d31910f16f441d6f86aea504d0b3fa733a5e83da3c31081e174da6e6c24fb8",
    "phase13_safe_shutdown_hash": "e5f49e04415daf7320c4ed41aa271a7b79c3d471fc97a89098cdf782f19946ba",
    "phase13_session_id": "phase13_session::ff1815e1d727",
    "phase13_shell_hash": "1ee395516fd64badcaede10558e75ba8b3a84f0141a79ef1c4d508ea62e89285",
    "phase13_state_export_hash": "7b68148fcf82724a3d9362e17c0aef5145ad3e514766e77799756d957af6b6e5",
    "phase15_blocked": true,
    "phase16_blocked": true,
    "profile_manifest_count": 3,
    "public_surfaces": [
      "session_open",
      "conversation_turn",
      "state_export",
      "trace_export",
      "memory_review_export",
      "safe_shutdown"
    ],
    "sandbox_policy_count": 4,
    "schema": "agifcore.phase_14.sandbox_profile_runtime.v1",
    "snapshot_hash": "6cec4eb3720400d8d3baff47998b0d95c2d78eb69231b7fe10ae4124cfa13fe9",
    "tissue_count": 32,
    "wasmtime_available": true,
    "wasmtime_cli_path": "/Users/ahsadin/.wasmtime/bin/wasmtime"
  },
  "sandbox_receipt": {
    "admitted": true,
    "bundle_integrity_verified": true,
    "command": [
      "/Users/ahsadin/.wasmtime/bin/wasmtime",
      "run",
      "-W",
      "fuel=100000000",
      "-W",
      "max-memory-size=268435456",
      "-W",
      "timeout=1000ms",
      "-W",
      "trap-on-grow-failure=y",
      "--invoke",
      "add",
      "/Users/ahsadin/Documents/AGIFCore/projects/agifcore_master/06_outputs/phase_14_sandbox_profiles_and_scale_realization/phase_14_demo_bundle/sandbox_packages/phase14_laptop_valid_sample_module.wat",
      "2",
      "5"
    ],
    "executed_at": "2026-04-01T14:21:09+00:00",
    "exit_code": 0,
    "fuel_limit": 100000000,
    "function_args": [
      "2",
      "5"
    ],
    "function_name": "add",
    "memory_limit_bytes": 268435456,
    "memory_limit_mb": 256,
    "package_id": "phase14_wasm_package::laptop::valid",
    "phase15_blocked": true,
    "phase16_blocked": true,
    "policy_id": "laptop_default_policy",
    "profile": "laptop",
    "profile_allowed": true,
    "reason_code": "none",
    "receipt_hash": "fb3c17fbe72e8801ca07a67411a8f11c669c617b0fd224c70a20abc398033957",
    "sandbox_backend": "wasmtime_cli",
    "sandboxed_execution": true,
    "schema": "agifcore.phase_14.sandbox_execution_receipt.v1",
    "status": "pass",
    "stderr": "warning: using `--invoke` with a function that takes arguments is experimental and may break in the future\nwarning: using `--invoke` with a function that returns values is experimental and may break in the future",
    "stdout": "7",
    "wall_time_limit_ms": 1000,
    "wasmtime_cli_path": "/Users/ahsadin/.wasmtime/bin/wasmtime"
  },
  "status": "open"
}

STDERR:
