COMMAND: python3 projects/agifcore_master/05_testing/phase_14_sandbox_profiles_and_scale_realization/run_phase_14_manifest_audit_demo.py
EXIT: 0
STDOUT:
{
  "builder_proof": {
    "active_budget_hash": "142823c7b2f84be3f550104295d385be70119ed2a2365e6b3e7c2b69bc379c94",
    "active_cell_count": 160,
    "case_count": 4,
    "cases": [
      {
        "case_hash": "ee61638d7b6e910c19c203a01363bc72028cec2c60fb1413ee1db131855ac895",
        "case_id": "builder_dormant_survival_01",
        "cell_id": "cell_0009",
        "lineage_id": "lineage_0003",
        "memory_review_export_hash": "a2d31910f16f441d6f86aea504d0b3fa733a5e83da3c31081e174da6e6c24fb8",
        "policy_hash_after": "6109ebabc459a1929a86a24c7130d1acda5d43bf424764e8c102c7b1bd4f2534",
        "policy_hash_before": "6109ebabc459a1929a86a24c7130d1acda5d43bf424764e8c102c7b1bd4f2534",
        "post_restart_continuity_ref": "continuity::0003::0009",
        "post_restart_lifecycle_state": "dormant",
        "post_restart_memory_anchor_ref": "memory::0003",
        "pre_shutdown_continuity_ref": "continuity::0003::0009",
        "pre_shutdown_lifecycle_state": "dormant",
        "pre_shutdown_memory_anchor_ref": "memory::0003",
        "preserved_continuity": true,
        "preserved_identity": true,
        "preserved_lineage": true,
        "preserved_memory_anchor": true,
        "preserved_policy_envelope": true,
        "profile": "builder",
        "shutdown_receipt_hash": "470bc324528a47a2e7ad1dbec8f7268e3b8e917610e95a1edd73fbd821ef6670",
        "state_export_hash": "5697eb955bc9287c57e16efc33ff7c1cda57e7d5d1760563ae425b45b229df01"
      },
      {
        "case_hash": "8832953db1251ef602a3fcd56530af29d9139a60deddc6e9f5b278652b1f22a5",
        "case_id": "builder_dormant_survival_02",
        "cell_id": "cell_0297",
        "lineage_id": "lineage_0075",
        "memory_review_export_hash": "a2d31910f16f441d6f86aea504d0b3fa733a5e83da3c31081e174da6e6c24fb8",
        "policy_hash_after": "19cdde3c1ac95812bc620b9f24530ab2b3045bcc8c03d94aee2b47e9d220b831",
        "policy_hash_before": "19cdde3c1ac95812bc620b9f24530ab2b3045bcc8c03d94aee2b47e9d220b831",
        "post_restart_continuity_ref": "continuity::0075::0297",
        "post_restart_lifecycle_state": "dormant",
        "post_restart_memory_anchor_ref": "memory::0075",
        "pre_shutdown_continuity_ref": "continuity::0075::0297",
        "pre_shutdown_lifecycle_state": "dormant",
        "pre_shutdown_memory_anchor_ref": "memory::0075",
        "preserved_continuity": true,
        "preserved_identity": true,
        "preserved_lineage": true,
        "preserved_memory_anchor": true,
        "preserved_policy_envelope": true,
        "profile": "builder",
        "shutdown_receipt_hash": "470bc324528a47a2e7ad1dbec8f7268e3b8e917610e95a1edd73fbd821ef6670",
        "state_export_hash": "5697eb955bc9287c57e16efc33ff7c1cda57e7d5d1760563ae425b45b229df01"
      },
      {
        "case_hash": "d43242a975158dc63ccb1e7f5663d498440a2ef9b237775973b504e9976692a1",
        "case_id": "builder_dormant_survival_03",
        "cell_id": "cell_0585",
        "lineage_id": "lineage_0147",
        "memory_review_export_hash": "a2d31910f16f441d6f86aea504d0b3fa733a5e83da3c31081e174da6e6c24fb8",
        "policy_hash_after": "fbdd69bab4849439b46d8682dd6e7c3ba30ecd95fef2be89c52aa1dbe4152582",
        "policy_hash_before": "fbdd69bab4849439b46d8682dd6e7c3ba30ecd95fef2be89c52aa1dbe4152582",
        "post_restart_continuity_ref": "continuity::0147::0585",
        "post_restart_lifecycle_state": "dormant",
        "post_restart_memory_anchor_ref": "memory::0147",
        "pre_shutdown_continuity_ref": "continuity::0147::0585",
        "pre_shutdown_lifecycle_state": "dormant",
        "pre_shutdown_memory_anchor_ref": "memory::0147",
        "preserved_continuity": true,
        "preserved_identity": true,
        "preserved_lineage": true,
        "preserved_memory_anchor": true,
        "preserved_policy_envelope": true,
        "profile": "builder",
        "shutdown_receipt_hash": "470bc324528a47a2e7ad1dbec8f7268e3b8e917610e95a1edd73fbd821ef6670",
        "state_export_hash": "5697eb955bc9287c57e16efc33ff7c1cda57e7d5d1760563ae425b45b229df01"
      },
      {
        "case_hash": "b1bdbb6bb00fa1c0f40168579059f5fc8e3f38e678bf81d9f6f167c7806aa643",
        "case_id": "builder_dormant_survival_04",
        "cell_id": "cell_0809",
        "lineage_id": "lineage_0203",
        "memory_review_export_hash": "a2d31910f16f441d6f86aea504d0b3fa733a5e83da3c31081e174da6e6c24fb8",
        "policy_hash_after": "3d5d1306323b1cdfabdd32f997ff50653fdc7f0fbe1dde969a1397c4eb48cb82",
        "policy_hash_before": "3d5d1306323b1cdfabdd32f997ff50653fdc7f0fbe1dde969a1397c4eb48cb82",
        "post_restart_continuity_ref": "continuity::0203::0809",
        "post_restart_lifecycle_state": "dormant",
        "post_restart_memory_anchor_ref": "memory::0203",
        "pre_shutdown_continuity_ref": "continuity::0203::0809",
        "pre_shutdown_lifecycle_state": "dormant",
        "pre_shutdown_memory_anchor_ref": "memory::0203",
        "preserved_continuity": true,
        "preserved_identity": true,
        "preserved_lineage": true,
        "preserved_memory_anchor": true,
        "preserved_policy_envelope": true,
        "profile": "builder",
        "shutdown_receipt_hash": "470bc324528a47a2e7ad1dbec8f7268e3b8e917610e95a1edd73fbd821ef6670",
        "state_export_hash": "5697eb955bc9287c57e16efc33ff7c1cda57e7d5d1760563ae425b45b229df01"
      }
    ],
    "cell_manifest_hash": "f5214ffe0d50f068075eedbd2e969ab2a7c00c9809a843324cb300f9ff78a9b3",
    "dormant_cell_count": 864,
    "memory_review_export_hash": "a2d31910f16f441d6f86aea504d0b3fa733a5e83da3c31081e174da6e6c24fb8",
    "profile": "builder",
    "proof_hash": "05fdd94b5188b718603730850689cd508b510463d2073c899d2e9411f28e4c67",
    "proof_mode": "shutdown_and_export_anchor",
    "schema": "agifcore.phase_14.dormant_survival_proof.v1",
    "shutdown_receipt_hash": "470bc324528a47a2e7ad1dbec8f7268e3b8e917610e95a1edd73fbd821ef6670",
    "state_export_hash": "5697eb955bc9287c57e16efc33ff7c1cda57e7d5d1760563ae425b45b229df01"
  },
  "cell_manifest_hash": "f5214ffe0d50f068075eedbd2e969ab2a7c00c9809a843324cb300f9ff78a9b3",
  "demo_id": "manifest_audit",
  "evidence_reports": [
    "projects/agifcore_master/06_outputs/phase_14_sandbox_profiles_and_scale_realization/phase_14_evidence/phase_14_cell_manifest_report.json",
    "projects/agifcore_master/06_outputs/phase_14_sandbox_profiles_and_scale_realization/phase_14_evidence/phase_14_tissue_manifest_report.json",
    "projects/agifcore_master/06_outputs/phase_14_sandbox_profiles_and_scale_realization/phase_14_evidence/phase_14_profile_manifest_report.json",
    "projects/agifcore_master/06_outputs/phase_14_sandbox_profiles_and_scale_realization/phase_14_evidence/phase_14_dormant_survival_report.json",
    "projects/agifcore_master/06_outputs/phase_14_sandbox_profiles_and_scale_realization/phase_14_evidence/phase_14_evidence_manifest.json"
  ],
  "laptop_proof": {
    "active_budget_hash": "6b45a750c2ca5b93f8762ce4368b8d232bb0a64037e02bb408425ceafa8b2736",
    "active_cell_count": 96,
    "case_count": 4,
    "cases": [
      {
        "case_hash": "d7962b87a1954f02057a2601d678135cdae508eb9c5d31088e599bb090d6b318",
        "case_id": "laptop_dormant_survival_01",
        "cell_id": "cell_0005",
        "lineage_id": "lineage_0002",
        "memory_review_export_hash": "a2d31910f16f441d6f86aea504d0b3fa733a5e83da3c31081e174da6e6c24fb8",
        "policy_hash_after": "6109ebabc459a1929a86a24c7130d1acda5d43bf424764e8c102c7b1bd4f2534",
        "policy_hash_before": "6109ebabc459a1929a86a24c7130d1acda5d43bf424764e8c102c7b1bd4f2534",
        "post_restart_continuity_ref": "continuity::0002::0005",
        "post_restart_lifecycle_state": "dormant",
        "post_restart_memory_anchor_ref": "memory::0002",
        "pre_shutdown_continuity_ref": "continuity::0002::0005",
        "pre_shutdown_lifecycle_state": "dormant",
        "pre_shutdown_memory_anchor_ref": "memory::0002",
        "preserved_continuity": true,
        "preserved_identity": true,
        "preserved_lineage": true,
        "preserved_memory_anchor": true,
        "preserved_policy_envelope": true,
        "profile": "laptop",
        "shutdown_receipt_hash": "470bc324528a47a2e7ad1dbec8f7268e3b8e917610e95a1edd73fbd821ef6670",
        "state_export_hash": "5697eb955bc9287c57e16efc33ff7c1cda57e7d5d1760563ae425b45b229df01"
      },
      {
        "case_hash": "65e453ec8e199b79cdf83041464512fa091bf1c57dc5bf42529cbb782e03cb62",
        "case_id": "laptop_dormant_survival_02",
        "cell_id": "cell_0269",
        "lineage_id": "lineage_0068",
        "memory_review_export_hash": "a2d31910f16f441d6f86aea504d0b3fa733a5e83da3c31081e174da6e6c24fb8",
        "policy_hash_after": "19cdde3c1ac95812bc620b9f24530ab2b3045bcc8c03d94aee2b47e9d220b831",
        "policy_hash_before": "19cdde3c1ac95812bc620b9f24530ab2b3045bcc8c03d94aee2b47e9d220b831",
        "post_restart_continuity_ref": "continuity::0068::0269",
        "post_restart_lifecycle_state": "dormant",
        "post_restart_memory_anchor_ref": "memory::0068",
        "pre_shutdown_continuity_ref": "continuity::0068::0269",
        "pre_shutdown_lifecycle_state": "dormant",
        "pre_shutdown_memory_anchor_ref": "memory::0068",
        "preserved_continuity": true,
        "preserved_identity": true,
        "preserved_lineage": true,
        "preserved_memory_anchor": true,
        "preserved_policy_envelope": true,
        "profile": "laptop",
        "shutdown_receipt_hash": "470bc324528a47a2e7ad1dbec8f7268e3b8e917610e95a1edd73fbd821ef6670",
        "state_export_hash": "5697eb955bc9287c57e16efc33ff7c1cda57e7d5d1760563ae425b45b229df01"
      },
      {
        "case_hash": "17306e6eca8c5b9661f519efc0893e50ff385ea75db6aa379b006f5528ecd374",
        "case_id": "laptop_dormant_survival_03",
        "cell_id": "cell_0533",
        "lineage_id": "lineage_0134",
        "memory_review_export_hash": "a2d31910f16f441d6f86aea504d0b3fa733a5e83da3c31081e174da6e6c24fb8",
        "policy_hash_after": "0d40bc1bd02062c43a6d4ac1ec2963138759b570b9b659195f7fb9ba62829535",
        "policy_hash_before": "0d40bc1bd02062c43a6d4ac1ec2963138759b570b9b659195f7fb9ba62829535",
        "post_restart_continuity_ref": "continuity::0134::0533",
        "post_restart_lifecycle_state": "dormant",
        "post_restart_memory_anchor_ref": "memory::0134",
        "pre_shutdown_continuity_ref": "continuity::0134::0533",
        "pre_shutdown_lifecycle_state": "dormant",
        "pre_shutdown_memory_anchor_ref": "memory::0134",
        "preserved_continuity": true,
        "preserved_identity": true,
        "preserved_lineage": true,
        "preserved_memory_anchor": true,
        "preserved_policy_envelope": true,
        "profile": "laptop",
        "shutdown_receipt_hash": "470bc324528a47a2e7ad1dbec8f7268e3b8e917610e95a1edd73fbd821ef6670",
        "state_export_hash": "5697eb955bc9287c57e16efc33ff7c1cda57e7d5d1760563ae425b45b229df01"
      },
      {
        "case_hash": "20d494e816a2ea25cd9a51f3535590b2079fbc2853711033a33da427c6ef7e3d",
        "case_id": "laptop_dormant_survival_04",
        "cell_id": "cell_0793",
        "lineage_id": "lineage_0199",
        "memory_review_export_hash": "a2d31910f16f441d6f86aea504d0b3fa733a5e83da3c31081e174da6e6c24fb8",
        "policy_hash_after": "3d5d1306323b1cdfabdd32f997ff50653fdc7f0fbe1dde969a1397c4eb48cb82",
        "policy_hash_before": "3d5d1306323b1cdfabdd32f997ff50653fdc7f0fbe1dde969a1397c4eb48cb82",
        "post_restart_continuity_ref": "continuity::0199::0793",
        "post_restart_lifecycle_state": "dormant",
        "post_restart_memory_anchor_ref": "memory::0199",
        "pre_shutdown_continuity_ref": "continuity::0199::0793",
        "pre_shutdown_lifecycle_state": "dormant",
        "pre_shutdown_memory_anchor_ref": "memory::0199",
        "preserved_continuity": true,
        "preserved_identity": true,
        "preserved_lineage": true,
        "preserved_memory_anchor": true,
        "preserved_policy_envelope": true,
        "profile": "laptop",
        "shutdown_receipt_hash": "470bc324528a47a2e7ad1dbec8f7268e3b8e917610e95a1edd73fbd821ef6670",
        "state_export_hash": "5697eb955bc9287c57e16efc33ff7c1cda57e7d5d1760563ae425b45b229df01"
      }
    ],
    "cell_manifest_hash": "f5214ffe0d50f068075eedbd2e969ab2a7c00c9809a843324cb300f9ff78a9b3",
    "dormant_cell_count": 928,
    "memory_review_export_hash": "a2d31910f16f441d6f86aea504d0b3fa733a5e83da3c31081e174da6e6c24fb8",
    "profile": "laptop",
    "proof_hash": "4a570e4db86ad85cbee1512b07c9dbc85d82f15b1764f93acc914a4df941e18b",
    "proof_mode": "shutdown_and_export_anchor",
    "schema": "agifcore.phase_14.dormant_survival_proof.v1",
    "shutdown_receipt_hash": "470bc324528a47a2e7ad1dbec8f7268e3b8e917610e95a1edd73fbd821ef6670",
    "state_export_hash": "5697eb955bc9287c57e16efc33ff7c1cda57e7d5d1760563ae425b45b229df01"
  },
  "manifest_audit": {
    "audit_hash": "fda796775ea1840fff2ce65f8ab6adec5f687b413533e04050e66ac67dbc2d61",
    "audit_status": "pass",
    "cell_manifest_hash": "f5214ffe0d50f068075eedbd2e969ab2a7c00c9809a843324cb300f9ff78a9b3",
    "logical_cell_count": 1024,
    "profile_count": 3,
    "profile_manifest_hash": "51e5c47da22d2ce40b3f5885589863dbb77bd9dff2bda7e9527664ab7ddef83f",
    "same_contract_hash_count": 1,
    "same_contract_hashes": [
      "a4b5ddf226b315733337354ea7731744c45d57a5ea440bee9824dbc33b06a0be"
    ],
    "schema": "agifcore.phase_14.manifest_audit.v1",
    "tissue_count": 32,
    "tissue_manifest_hash": "8fd38cc42a2a84a21d614cc8c5ded2db24f87099f9666f395af9cfbb0530970d"
  },
  "mobile_proof": {
    "active_budget_hash": "7cb1e55281d2f7380be8478ea55ff2be22b3152b59c1ed98e2c3af39838f3203",
    "active_cell_count": 16,
    "case_count": 4,
    "cases": [
      {
        "case_hash": "432c1699468f713b51b66e5768b4d0fcddb06cb1e0314a7f0078b844ab48d543",
        "case_id": "mobile_dormant_survival_01",
        "cell_id": "cell_0003",
        "lineage_id": "lineage_0001",
        "memory_review_export_hash": "a2d31910f16f441d6f86aea504d0b3fa733a5e83da3c31081e174da6e6c24fb8",
        "policy_hash_after": "6109ebabc459a1929a86a24c7130d1acda5d43bf424764e8c102c7b1bd4f2534",
        "policy_hash_before": "6109ebabc459a1929a86a24c7130d1acda5d43bf424764e8c102c7b1bd4f2534",
        "post_restart_continuity_ref": "continuity::0001::0003",
        "post_restart_lifecycle_state": "dormant",
        "post_restart_memory_anchor_ref": "memory::0001",
        "pre_shutdown_continuity_ref": "continuity::0001::0003",
        "pre_shutdown_lifecycle_state": "dormant",
        "pre_shutdown_memory_anchor_ref": "memory::0001",
        "preserved_continuity": true,
        "preserved_identity": true,
        "preserved_lineage": true,
        "preserved_memory_anchor": true,
        "preserved_policy_envelope": true,
        "profile": "mobile",
        "shutdown_receipt_hash": "470bc324528a47a2e7ad1dbec8f7268e3b8e917610e95a1edd73fbd821ef6670",
        "state_export_hash": "5697eb955bc9287c57e16efc33ff7c1cda57e7d5d1760563ae425b45b229df01"
      },
      {
        "case_hash": "3aa84e3b09f5c7a528e66c8fb42e89f4492519fec5a216f1af59eb8facdb098b",
        "case_id": "mobile_dormant_survival_02",
        "cell_id": "cell_0269",
        "lineage_id": "lineage_0068",
        "memory_review_export_hash": "a2d31910f16f441d6f86aea504d0b3fa733a5e83da3c31081e174da6e6c24fb8",
        "policy_hash_after": "19cdde3c1ac95812bc620b9f24530ab2b3045bcc8c03d94aee2b47e9d220b831",
        "policy_hash_before": "19cdde3c1ac95812bc620b9f24530ab2b3045bcc8c03d94aee2b47e9d220b831",
        "post_restart_continuity_ref": "continuity::0068::0269",
        "post_restart_lifecycle_state": "dormant",
        "post_restart_memory_anchor_ref": "memory::0068",
        "pre_shutdown_continuity_ref": "continuity::0068::0269",
        "pre_shutdown_lifecycle_state": "dormant",
        "pre_shutdown_memory_anchor_ref": "memory::0068",
        "preserved_continuity": true,
        "preserved_identity": true,
        "preserved_lineage": true,
        "preserved_memory_anchor": true,
        "preserved_policy_envelope": true,
        "profile": "mobile",
        "shutdown_receipt_hash": "470bc324528a47a2e7ad1dbec8f7268e3b8e917610e95a1edd73fbd821ef6670",
        "state_export_hash": "5697eb955bc9287c57e16efc33ff7c1cda57e7d5d1760563ae425b45b229df01"
      },
      {
        "case_hash": "83176ffbb7ded3249b97937259ee26d3883422a526310a3ea5ea172b8f205326",
        "case_id": "mobile_dormant_survival_03",
        "cell_id": "cell_0521",
        "lineage_id": "lineage_0131",
        "memory_review_export_hash": "a2d31910f16f441d6f86aea504d0b3fa733a5e83da3c31081e174da6e6c24fb8",
        "policy_hash_after": "0d40bc1bd02062c43a6d4ac1ec2963138759b570b9b659195f7fb9ba62829535",
        "policy_hash_before": "0d40bc1bd02062c43a6d4ac1ec2963138759b570b9b659195f7fb9ba62829535",
        "post_restart_continuity_ref": "continuity::0131::0521",
        "post_restart_lifecycle_state": "dormant",
        "post_restart_memory_anchor_ref": "memory::0131",
        "pre_shutdown_continuity_ref": "continuity::0131::0521",
        "pre_shutdown_lifecycle_state": "dormant",
        "pre_shutdown_memory_anchor_ref": "memory::0131",
        "preserved_continuity": true,
        "preserved_identity": true,
        "preserved_lineage": true,
        "preserved_memory_anchor": true,
        "preserved_policy_envelope": true,
        "profile": "mobile",
        "shutdown_receipt_hash": "470bc324528a47a2e7ad1dbec8f7268e3b8e917610e95a1edd73fbd821ef6670",
        "state_export_hash": "5697eb955bc9287c57e16efc33ff7c1cda57e7d5d1760563ae425b45b229df01"
      },
      {
        "case_hash": "225bf0cd2e9c9908b0399c57d8d0ef5aee19b0b5e28905f268ef4a8a74bb5eb3",
        "case_id": "mobile_dormant_survival_04",
        "cell_id": "cell_0773",
        "lineage_id": "lineage_0194",
        "memory_review_export_hash": "a2d31910f16f441d6f86aea504d0b3fa733a5e83da3c31081e174da6e6c24fb8",
        "policy_hash_after": "3d5d1306323b1cdfabdd32f997ff50653fdc7f0fbe1dde969a1397c4eb48cb82",
        "policy_hash_before": "3d5d1306323b1cdfabdd32f997ff50653fdc7f0fbe1dde969a1397c4eb48cb82",
        "post_restart_continuity_ref": "continuity::0194::0773",
        "post_restart_lifecycle_state": "dormant",
        "post_restart_memory_anchor_ref": "memory::0194",
        "pre_shutdown_continuity_ref": "continuity::0194::0773",
        "pre_shutdown_lifecycle_state": "dormant",
        "pre_shutdown_memory_anchor_ref": "memory::0194",
        "preserved_continuity": true,
        "preserved_identity": true,
        "preserved_lineage": true,
        "preserved_memory_anchor": true,
        "preserved_policy_envelope": true,
        "profile": "mobile",
        "shutdown_receipt_hash": "470bc324528a47a2e7ad1dbec8f7268e3b8e917610e95a1edd73fbd821ef6670",
        "state_export_hash": "5697eb955bc9287c57e16efc33ff7c1cda57e7d5d1760563ae425b45b229df01"
      }
    ],
    "cell_manifest_hash": "f5214ffe0d50f068075eedbd2e969ab2a7c00c9809a843324cb300f9ff78a9b3",
    "dormant_cell_count": 1008,
    "memory_review_export_hash": "a2d31910f16f441d6f86aea504d0b3fa733a5e83da3c31081e174da6e6c24fb8",
    "profile": "mobile",
    "proof_hash": "bc1a56eab8ffd8b3976faa7132bff42fa41aa367ad90679e6116aab4da9c8f99",
    "proof_mode": "shutdown_and_export_anchor",
    "schema": "agifcore.phase_14.dormant_survival_proof.v1",
    "shutdown_receipt_hash": "470bc324528a47a2e7ad1dbec8f7268e3b8e917610e95a1edd73fbd821ef6670",
    "state_export_hash": "5697eb955bc9287c57e16efc33ff7c1cda57e7d5d1760563ae425b45b229df01"
  },
  "notes": [
    "review-only manifest audit demo",
    "Phase 14 remains open",
    "no approval implied"
  ],
  "phase": "14",
  "profile_manifest_hash": "51e5c47da22d2ce40b3f5885589863dbb77bd9dff2bda7e9527664ab7ddef83f",
  "status": "open",
  "tissue_manifest_hash": "8fd38cc42a2a84a21d614cc8c5ded2db24f87099f9666f395af9cfbb0530970d"
}

STDERR:
