COMMAND: python3 projects/agifcore_master/05_testing/phase_14_sandbox_profiles_and_scale_realization/verify_phase_14_tissue_manifest.py
EXIT: 0
STDOUT:
{
  "anchors": {
    "tissue_manifest": {
      "manifest_hash": "8fd38cc42a2a84a21d614cc8c5ded2db24f87099f9666f395af9cfbb0530970d",
      "schema": "agifcore.phase_14.tissue_manifest.v1",
      "tissue_band": {
        "max": 40,
        "min": 24
      },
      "tissue_count": 32,
      "tissues": [
        {
          "active_cell_cap_by_profile": {
            "builder": 8,
            "laptop": 4,
            "mobile": 2
          },
          "cell_ids": [
            "cell_0001",
            "cell_0002",
            "cell_0003",
            "cell_0004",
            "cell_0005",
            "cell_0006",
            "cell_0007",
            "cell_0008",
            "cell_0009",
            "cell_0010",
            "cell_0011",
            "cell_0012",
            "cell_0013",
            "cell_0014",
            "cell_0015",
            "cell_0016",
            "cell_0017",
            "cell_0018",
            "cell_0019",
            "cell_0020",
            "cell_0021",
            "cell_0022",
            "cell_0023",
            "cell_0024",
            "cell_0025",
            "cell_0026",
            "cell_0027",
            "cell_0028",
            "cell_0029",
            "cell_0030",
            "cell_0031",
            "cell_0032"
          ],
          "focus_family": "intake_router",
          "logical_cell_count": 32,
          "policy_envelope": {
            "profile_bounded": true,
            "supports_same_public_contract": true
          },
          "routing_targets": [
            "tissue_02",
            "tissue_32",
            "tissue_02"
          ],
          "tissue_hash": "f388df25dcf2f124f43b73427ffc541daecda5da1553ba519379ec6a1141d8e1",
          "tissue_id": "tissue_01",
          "tissue_name": "intake_router_tissue_1"
        },
        {
          "active_cell_cap_by_profile": {
            "builder": 8,
            "laptop": 4,
            "mobile": 2
          },
          "cell_ids": [
            "cell_0033",
            "cell_0034",
            "cell_0035",
            "cell_0036",
            "cell_0037",
            "cell_0038",
            "cell_0039",
            "cell_0040",
            "cell_0041",
            "cell_0042",
            "cell_0043",
            "cell_0044",
            "cell_0045",
            "cell_0046",
            "cell_0047",
            "cell_0048",
            "cell_0049",
            "cell_0050",
            "cell_0051",
            "cell_0052",
            "cell_0053",
            "cell_0054",
            "cell_0055",
            "cell_0056",
            "cell_0057",
            "cell_0058",
            "cell_0059",
            "cell_0060",
            "cell_0061",
            "cell_0062",
            "cell_0063",
            "cell_0064"
          ],
          "focus_family": "intake_router",
          "logical_cell_count": 32,
          "policy_envelope": {
            "profile_bounded": true,
            "supports_same_public_contract": true
          },
          "routing_targets": [
            "tissue_01",
            "tissue_01",
            "tissue_03"
          ],
          "tissue_hash": "2461f71c1faccdf52324fabcd0573c13599dbf4b2436e0e1a90aea7b0b5ecab8",
          "tissue_id": "tissue_02",
          "tissue_name": "intake_router_tissue_2"
        },
        {
          "active_cell_cap_by_profile": {
            "builder": 8,
            "laptop": 4,
            "mobile": 2
          },
          "cell_ids": [
            "cell_0065",
            "cell_0066",
            "cell_0067",
            "cell_0068",
            "cell_0069",
            "cell_0070",
            "cell_0071",
            "cell_0072",
            "cell_0073",
            "cell_0074",
            "cell_0075",
            "cell_0076",
            "cell_0077",
            "cell_0078",
            "cell_0079",
            "cell_0080",
            "cell_0081",
            "cell_0082",
            "cell_0083",
            "cell_0084",
            "cell_0085",
            "cell_0086",
            "cell_0087",
            "cell_0088",
            "cell_0089",
            "cell_0090",
            "cell_0091",
            "cell_0092",
            "cell_0093",
            "cell_0094",
            "cell_0095",
            "cell_0096"
          ],
          "focus_family": "attention",
          "logical_cell_count": 32,
          "policy_envelope": {
            "profile_bounded": true,
            "supports_same_public_contract": true
          },
          "routing_targets": [
            "tissue_04",
            "tissue_02",
            "tissue_04"
          ],
          "tissue_hash": "27aa0d8ee6b7faa04445501a5b60b1ba6db1670c74416c2ea19b9d2f204eb7ce",
          "tissue_id": "tissue_03",
          "tissue_name": "attention_tissue_1"
        },
        {
          "active_cell_cap_by_profile": {
            "builder": 8,
            "laptop": 4,
            "mobile": 2
          },
          "cell_ids": [
            "cell_0097",
            "cell_0098",
            "cell_0099",
            "cell_0100",
            "cell_0101",
            "cell_0102",
            "cell_0103",
            "cell_0104",
            "cell_0105",
            "cell_0106",
            "cell_0107",
            "cell_0108",
            "cell_0109",
            "cell_0110",
            "cell_0111",
            "cell_0112",
            "cell_0113",
            "cell_0114",
            "cell_0115",
            "cell_0116",
            "cell_0117",
            "cell_0118",
            "cell_0119",
            "cell_0120",
            "cell_0121",
            "cell_0122",
            "cell_0123",
            "cell_0124",
            "cell_0125",
            "cell_0126",
            "cell_0127",
            "cell_0128"
          ],
          "focus_family": "attention",
          "logical_cell_count": 32,
          "policy_envelope": {
            "profile_bounded": true,
            "supports_same_public_contract": true
          },
          "routing_targets": [
            "tissue_03",
            "tissue_03",
            "tissue_05"
          ],
          "tissue_hash": "09ac21e7acbe4fea2b04cf546b144306e90d6cac0ea0e261df40e7bedfc8015f",
          "tissue_id": "tissue_04",
          "tissue_name": "attention_tissue_2"
        },
        {
          "active_cell_cap_by_profile": {
            "builder": 8,
            "laptop": 4,
            "mobile": 2
          },
          "cell_ids": [
            "cell_0129",
            "cell_0130",
            "cell_0131",
            "cell_0132",
            "cell_0133",
            "cell_0134",
            "cell_0135",
            "cell_0136",
            "cell_0137",
            "cell_0138",
            "cell_0139",
            "cell_0140",
            "cell_0141",
            "cell_0142",
            "cell_0143",
            "cell_0144",
            "cell_0145",
            "cell_0146",
            "cell_0147",
            "cell_0148",
            "cell_0149",
            "cell_0150",
            "cell_0151",
            "cell_0152",
            "cell_0153",
            "cell_0154",
            "cell_0155",
            "cell_0156",
            "cell_0157",
            "cell_0158",
            "cell_0159",
            "cell_0160"
          ],
          "focus_family": "working_memory",
          "logical_cell_count": 32,
          "policy_envelope": {
            "profile_bounded": true,
            "supports_same_public_contract": true
          },
          "routing_targets": [
            "tissue_06",
            "tissue_04",
            "tissue_06"
          ],
          "tissue_hash": "b974b1744003977d0702f99ac13decd6793a0d03432a5149f7c8e8f891e8209d",
          "tissue_id": "tissue_05",
          "tissue_name": "working_memory_tissue_1"
        },
        {
          "active_cell_cap_by_profile": {
            "builder": 8,
            "laptop": 4,
            "mobile": 2
          },
          "cell_ids": [
            "cell_0161",
            "cell_0162",
            "cell_0163",
            "cell_0164",
            "cell_0165",
            "cell_0166",
            "cell_0167",
            "cell_0168",
            "cell_0169",
            "cell_0170",
            "cell_0171",
            "cell_0172",
            "cell_0173",
            "cell_0174",
            "cell_0175",
            "cell_0176",
            "cell_0177",
            "cell_0178",
            "cell_0179",
            "cell_0180",
            "cell_0181",
            "cell_0182",
            "cell_0183",
            "cell_0184",
            "cell_0185",
            "cell_0186",
            "cell_0187",
            "cell_0188",
            "cell_0189",
            "cell_0190",
            "cell_0191",
            "cell_0192"
          ],
          "focus_family": "working_memory",
          "logical_cell_count": 32,
          "policy_envelope": {
            "profile_bounded": true,
            "supports_same_public_contract": true
          },
          "routing_targets": [
            "tissue_05",
            "tissue_05",
            "tissue_07"
          ],
          "tissue_hash": "4e65b1f573cf508577d70acd5a5b9c23d699bc0ea2c19900e6f2cb7301aff1f7",
          "tissue_id": "tissue_06",
          "tissue_name": "working_memory_tissue_2"
        },
        {
          "active_cell_cap_by_profile": {
            "builder": 8,
            "laptop": 4,
            "mobile": 2
          },
          "cell_ids": [
            "cell_0193",
            "cell_0194",
            "cell_0195",
            "cell_0196",
            "cell_0197",
            "cell_0198",
            "cell_0199",
            "cell_0200",
            "cell_0201",
            "cell_0202",
            "cell_0203",
            "cell_0204",
            "cell_0205",
            "cell_0206",
            "cell_0207",
            "cell_0208",
            "cell_0209",
            "cell_0210",
            "cell_0211",
            "cell_0212",
            "cell_0213",
            "cell_0214",
            "cell_0215",
            "cell_0216",
            "cell_0217",
            "cell_0218",
            "cell_0219",
            "cell_0220",
            "cell_0221",
            "cell_0222",
            "cell_0223",
            "cell_0224"
          ],
          "focus_family": "episodic_memory",
          "logical_cell_count": 32,
          "policy_envelope": {
            "profile_bounded": true,
            "supports_same_public_contract": true
          },
          "routing_targets": [
            "tissue_08",
            "tissue_06",
            "tissue_08"
          ],
          "tissue_hash": "f57a7667d2b67e5b6a51964cb0a1de7b2e91bcef554a07b983068b532ab1b1ec",
          "tissue_id": "tissue_07",
          "tissue_name": "episodic_memory_tissue_1"
        },
        {
          "active_cell_cap_by_profile": {
            "builder": 8,
            "laptop": 4,
            "mobile": 2
          },
          "cell_ids": [
            "cell_0225",
            "cell_0226",
            "cell_0227",
            "cell_0228",
            "cell_0229",
            "cell_0230",
            "cell_0231",
            "cell_0232",
            "cell_0233",
            "cell_0234",
            "cell_0235",
            "cell_0236",
            "cell_0237",
            "cell_0238",
            "cell_0239",
            "cell_0240",
            "cell_0241",
            "cell_0242",
            "cell_0243",
            "cell_0244",
            "cell_0245",
            "cell_0246",
            "cell_0247",
            "cell_0248",
            "cell_0249",
            "cell_0250",
            "cell_0251",
            "cell_0252",
            "cell_0253",
            "cell_0254",
            "cell_0255",
            "cell_0256"
          ],
          "focus_family": "episodic_memory",
          "logical_cell_count": 32,
          "policy_envelope": {
            "profile_bounded": true,
            "supports_same_public_contract": true
          },
          "routing_targets": [
            "tissue_07",
            "tissue_07",
            "tissue_09"
          ],
          "tissue_hash": "cab3bfd9c189b0006f15f929e523e6f7a65beedfde39faaa1e519320b1fb81f6",
          "tissue_id": "tissue_08",
          "tissue_name": "episodic_memory_tissue_2"
        },
        {
          "active_cell_cap_by_profile": {
            "builder": 8,
            "laptop": 4,
            "mobile": 2
          },
          "cell_ids": [
            "cell_0257",
            "cell_0258",
            "cell_0259",
            "cell_0260",
            "cell_0261",
            "cell_0262",
            "cell_0263",
            "cell_0264",
            "cell_0265",
            "cell_0266",
            "cell_0267",
            "cell_0268",
            "cell_0269",
            "cell_0270",
            "cell_0271",
            "cell_0272",
            "cell_0273",
            "cell_0274",
            "cell_0275",
            "cell_0276",
            "cell_0277",
            "cell_0278",
            "cell_0279",
            "cell_0280",
            "cell_0281",
            "cell_0282",
            "cell_0283",
            "cell_0284",
            "cell_0285",
            "cell_0286",
            "cell_0287",
            "cell_0288"
          ],
          "focus_family": "semantic_abstraction",
          "logical_cell_count": 32,
          "policy_envelope": {
            "profile_bounded": true,
            "supports_same_public_contract": true
          },
          "routing_targets": [
            "tissue_10",
            "tissue_08",
            "tissue_10"
          ],
          "tissue_hash": "f812385a4a3e37c6db1ac936e72afaf3d056207ac4c2b850c437eef2a4ce3fc7",
          "tissue_id": "tissue_09",
          "tissue_name": "semantic_abstraction_tissue_1"
        },
        {
          "active_cell_cap_by_profile": {
            "builder": 8,
            "laptop": 4,
            "mobile": 2
          },
          "cell_ids": [
            "cell_0289",
            "cell_0290",
            "cell_0291",
            "cell_0292",
            "cell_0293",
            "cell_0294",
            "cell_0295",
            "cell_0296",
            "cell_0297",
            "cell_0298",
            "cell_0299",
            "cell_0300",
            "cell_0301",
            "cell_0302",
            "cell_0303",
            "cell_0304",
            "cell_0305",
            "cell_0306",
            "cell_0307",
            "cell_0308",
            "cell_0309",
            "cell_0310",
            "cell_0311",
            "cell_0312",
            "cell_0313",
            "cell_0314",
            "cell_0315",
            "cell_0316",
            "cell_0317",
            "cell_0318",
            "cell_0319",
            "cell_0320"
          ],
          "focus_family": "semantic_abstraction",
          "logical_cell_count": 32,
          "policy_envelope": {
            "profile_bounded": true,
            "supports_same_public_contract": true
          },
          "routing_targets": [
            "tissue_09",
            "tissue_09",
            "tissue_11"
          ],
          "tissue_hash": "9e166ae94a3fc680cf80dd4d218777218d5649c5c55b9c631c384f36d59567ab",
          "tissue_id": "tissue_10",
          "tissue_name": "semantic_abstraction_tissue_2"
        },
        {
          "active_cell_cap_by_profile": {
            "builder": 8,
            "laptop": 4,
            "mobile": 2
          },
          "cell_ids": [
            "cell_0321",
            "cell_0322",
            "cell_0323",
            "cell_0324",
            "cell_0325",
            "cell_0326",
            "cell_0327",
            "cell_0328",
            "cell_0329",
            "cell_0330",
            "cell_0331",
            "cell_0332",
            "cell_0333",
            "cell_0334",
            "cell_0335",
            "cell_0336",
            "cell_0337",
            "cell_0338",
            "cell_0339",
            "cell_0340",
            "cell_0341",
            "cell_0342",
            "cell_0343",
            "cell_0344",
            "cell_0345",
            "cell_0346",
            "cell_0347",
            "cell_0348",
            "cell_0349",
            "cell_0350",
            "cell_0351",
            "cell_0352"
          ],
          "focus_family": "procedural_skill",
          "logical_cell_count": 32,
          "policy_envelope": {
            "profile_bounded": true,
            "supports_same_public_contract": true
          },
          "routing_targets": [
            "tissue_12",
            "tissue_10",
            "tissue_12"
          ],
          "tissue_hash": "fe6cca79a253d9f82d030abc5791bc7b883ffa39fd7a8d8e04026875bdf0d2e9",
          "tissue_id": "tissue_11",
          "tissue_name": "procedural_skill_tissue_1"
        },
        {
          "active_cell_cap_by_profile": {
            "builder": 8,
            "laptop": 4,
            "mobile": 2
          },
          "cell_ids": [
            "cell_0353",
            "cell_0354",
            "cell_0355",
            "cell_0356",
            "cell_0357",
            "cell_0358",
            "cell_0359",
            "cell_0360",
            "cell_0361",
            "cell_0362",
            "cell_0363",
            "cell_0364",
            "cell_0365",
            "cell_0366",
            "cell_0367",
            "cell_0368",
            "cell_0369",
            "cell_0370",
            "cell_0371",
            "cell_0372",
            "cell_0373",
            "cell_0374",
            "cell_0375",
            "cell_0376",
            "cell_0377",
            "cell_0378",
            "cell_0379",
            "cell_0380",
            "cell_0381",
            "cell_0382",
            "cell_0383",
            "cell_0384"
          ],
          "focus_family": "procedural_skill",
          "logical_cell_count": 32,
          "policy_envelope": {
            "profile_bounded": true,
            "supports_same_public_contract": true
          },
          "routing_targets": [
            "tissue_11",
            "tissue_11",
            "tissue_13"
          ],
          "tissue_hash": "051b5012e7f46bbb155a63583b556f22d6b4f3ebf641beb9450c728b5c6c6fbe",
          "tissue_id": "tissue_12",
          "tissue_name": "procedural_skill_tissue_2"
        },
        {
          "active_cell_cap_by_profile": {
            "builder": 8,
            "laptop": 4,
            "mobile": 2
          },
          "cell_ids": [
            "cell_0385",
            "cell_0386",
            "cell_0387",
            "cell_0388",
            "cell_0389",
            "cell_0390",
            "cell_0391",
            "cell_0392",
            "cell_0393",
            "cell_0394",
            "cell_0395",
            "cell_0396",
            "cell_0397",
            "cell_0398",
            "cell_0399",
            "cell_0400",
            "cell_0401",
            "cell_0402",
            "cell_0403",
            "cell_0404",
            "cell_0405",
            "cell_0406",
            "cell_0407",
            "cell_0408",
            "cell_0409",
            "cell_0410",
            "cell_0411",
            "cell_0412",
            "cell_0413",
            "cell_0414",
            "cell_0415",
            "cell_0416"
          ],
          "focus_family": "world_model_simulator",
          "logical_cell_count": 32,
          "policy_envelope": {
            "profile_bounded": true,
            "supports_same_public_contract": true
          },
          "routing_targets": [
            "tissue_14",
            "tissue_12",
            "tissue_14"
          ],
          "tissue_hash": "610354268125e4901739072915ea4d05917998d103f2ddae55f8da3c01afce70",
          "tissue_id": "tissue_13",
          "tissue_name": "world_model_simulator_tissue_1"
        },
        {
          "active_cell_cap_by_profile": {
            "builder": 8,
            "laptop": 4,
            "mobile": 2
          },
          "cell_ids": [
            "cell_0417",
            "cell_0418",
            "cell_0419",
            "cell_0420",
            "cell_0421",
            "cell_0422",
            "cell_0423",
            "cell_0424",
            "cell_0425",
            "cell_0426",
            "cell_0427",
            "cell_0428",
            "cell_0429",
            "cell_0430",
            "cell_0431",
            "cell_0432",
            "cell_0433",
            "cell_0434",
            "cell_0435",
            "cell_0436",
            "cell_0437",
            "cell_0438",
            "cell_0439",
            "cell_0440",
            "cell_0441",
            "cell_0442",
            "cell_0443",
            "cell_0444",
            "cell_0445",
            "cell_0446",
            "cell_0447",
            "cell_0448"
          ],
          "focus_family": "world_model_simulator",
          "logical_cell_count": 32,
          "policy_envelope": {
            "profile_bounded": true,
            "supports_same_public_contract": true
          },
          "routing_targets": [
            "tissue_13",
            "tissue_13",
            "tissue_15"
          ],
          "tissue_hash": "c94e7ba44509170c09d42b99a8bf0034f5b1154fc95c3ca899243c7bf6708f03",
          "tissue_id": "tissue_14",
          "tissue_name": "world_model_simulator_tissue_2"
        },
        {
          "active_cell_cap_by_profile": {
            "builder": 8,
            "laptop": 4,
            "mobile": 2
          },
          "cell_ids": [
            "cell_0449",
            "cell_0450",
            "cell_0451",
            "cell_0452",
            "cell_0453",
            "cell_0454",
            "cell_0455",
            "cell_0456",
            "cell_0457",
            "cell_0458",
            "cell_0459",
            "cell_0460",
            "cell_0461",
            "cell_0462",
            "cell_0463",
            "cell_0464",
            "cell_0465",
            "cell_0466",
            "cell_0467",
            "cell_0468",
            "cell_0469",
            "cell_0470",
            "cell_0471",
            "cell_0472",
            "cell_0473",
            "cell_0474",
            "cell_0475",
            "cell_0476",
            "cell_0477",
            "cell_0478",
            "cell_0479",
            "cell_0480"
          ],
          "focus_family": "planner",
          "logical_cell_count": 32,
          "policy_envelope": {
            "profile_bounded": true,
            "supports_same_public_contract": true
          },
          "routing_targets": [
            "tissue_16",
            "tissue_14",
            "tissue_16"
          ],
          "tissue_hash": "33da13ebbbc4180c033a231f590bced8a66c0770bb889c67e38d9670b8d56f8d",
          "tissue_id": "tissue_15",
          "tissue_name": "planner_tissue_1"
        },
        {
          "active_cell_cap_by_profile": {
            "builder": 8,
            "laptop": 4,
            "mobile": 2
          },
          "cell_ids": [
            "cell_0481",
            "cell_0482",
            "cell_0483",
            "cell_0484",
            "cell_0485",
            "cell_0486",
            "cell_0487",
            "cell_0488",
            "cell_0489",
            "cell_0490",
            "cell_0491",
            "cell_0492",
            "cell_0493",
            "cell_0494",
            "cell_0495",
            "cell_0496",
            "cell_0497",
            "cell_0498",
            "cell_0499",
            "cell_0500",
            "cell_0501",
            "cell_0502",
            "cell_0503",
            "cell_0504",
            "cell_0505",
            "cell_0506",
            "cell_0507",
            "cell_0508",
            "cell_0509",
            "cell_0510",
            "cell_0511",
            "cell_0512"
          ],
          "focus_family": "planner",
          "logical_cell_count": 32,
          "policy_envelope": {
            "profile_bounded": true,
            "supports_same_public_contract": true
          },
          "routing_targets": [
            "tissue_15",
            "tissue_15",
            "tissue_17"
          ],
          "tissue_hash": "3e5217dbfdac841daa853524ef8b50adce6cb4b63786bbf2dbdad692c28f9bca",
          "tissue_id": "tissue_16",
          "tissue_name": "planner_tissue_2"
        },
        {
          "active_cell_cap_by_profile": {
            "builder": 8,
            "laptop": 4,
            "mobile": 2
          },
          "cell_ids": [
            "cell_0513",
            "cell_0514",
            "cell_0515",
            "cell_0516",
            "cell_0517",
            "cell_0518",
            "cell_0519",
            "cell_0520",
            "cell_0521",
            "cell_0522",
            "cell_0523",
            "cell_0524",
            "cell_0525",
            "cell_0526",
            "cell_0527",
            "cell_0528",
            "cell_0529",
            "cell_0530",
            "cell_0531",
            "cell_0532",
            "cell_0533",
            "cell_0534",
            "cell_0535",
            "cell_0536",
            "cell_0537",
            "cell_0538",
            "cell_0539",
            "cell_0540",
            "cell_0541",
            "cell_0542",
            "cell_0543",
            "cell_0544"
          ],
          "focus_family": "critic_error_monitor",
          "logical_cell_count": 32,
          "policy_envelope": {
            "profile_bounded": true,
            "supports_same_public_contract": true
          },
          "routing_targets": [
            "tissue_18",
            "tissue_16",
            "tissue_18"
          ],
          "tissue_hash": "3a4cd96f1acd522810963958cb13bbbf12fb4488a87383c921e0ba02d2f3de68",
          "tissue_id": "tissue_17",
          "tissue_name": "critic_error_monitor_tissue_1"
        },
        {
          "active_cell_cap_by_profile": {
            "builder": 8,
            "laptop": 4,
            "mobile": 2
          },
          "cell_ids": [
            "cell_0545",
            "cell_0546",
            "cell_0547",
            "cell_0548",
            "cell_0549",
            "cell_0550",
            "cell_0551",
            "cell_0552",
            "cell_0553",
            "cell_0554",
            "cell_0555",
            "cell_0556",
            "cell_0557",
            "cell_0558",
            "cell_0559",
            "cell_0560",
            "cell_0561",
            "cell_0562",
            "cell_0563",
            "cell_0564",
            "cell_0565",
            "cell_0566",
            "cell_0567",
            "cell_0568",
            "cell_0569",
            "cell_0570",
            "cell_0571",
            "cell_0572",
            "cell_0573",
            "cell_0574",
            "cell_0575",
            "cell_0576"
          ],
          "focus_family": "critic_error_monitor",
          "logical_cell_count": 32,
          "policy_envelope": {
            "profile_bounded": true,
            "supports_same_public_contract": true
          },
          "routing_targets": [
            "tissue_17",
            "tissue_17",
            "tissue_19"
          ],
          "tissue_hash": "42f34df8d7288cef5cb2f95d991837db66a0d5b128e1febc50b5f8bfc73aebee",
          "tissue_id": "tissue_18",
          "tissue_name": "critic_error_monitor_tissue_2"
        },
        {
          "active_cell_cap_by_profile": {
            "builder": 8,
            "laptop": 4,
            "mobile": 2
          },
          "cell_ids": [
            "cell_0577",
            "cell_0578",
            "cell_0579",
            "cell_0580",
            "cell_0581",
            "cell_0582",
            "cell_0583",
            "cell_0584",
            "cell_0585",
            "cell_0586",
            "cell_0587",
            "cell_0588",
            "cell_0589",
            "cell_0590",
            "cell_0591",
            "cell_0592",
            "cell_0593",
            "cell_0594",
            "cell_0595",
            "cell_0596",
            "cell_0597",
            "cell_0598",
            "cell_0599",
            "cell_0600",
            "cell_0601",
            "cell_0602",
            "cell_0603",
            "cell_0604",
            "cell_0605",
            "cell_0606",
            "cell_0607",
            "cell_0608"
          ],
          "focus_family": "governance_authority",
          "logical_cell_count": 32,
          "policy_envelope": {
            "profile_bounded": true,
            "supports_same_public_contract": true
          },
          "routing_targets": [
            "tissue_20",
            "tissue_18",
            "tissue_20"
          ],
          "tissue_hash": "b62fefab49daab2d95291483a9505073daa2ed4f80f4600a39ebe2b332f2dc36",
          "tissue_id": "tissue_19",
          "tissue_name": "governance_authority_tissue_1"
        },
        {
          "active_cell_cap_by_profile": {
            "builder": 8,
            "laptop": 4,
            "mobile": 2
          },
          "cell_ids": [
            "cell_0609",
            "cell_0610",
            "cell_0611",
            "cell_0612",
            "cell_0613",
            "cell_0614",
            "cell_0615",
            "cell_0616",
            "cell_0617",
            "cell_0618",
            "cell_0619",
            "cell_0620",
            "cell_0621",
            "cell_0622",
            "cell_0623",
            "cell_0624",
            "cell_0625",
            "cell_0626",
            "cell_0627",
            "cell_0628",
            "cell_0629",
            "cell_0630",
            "cell_0631",
            "cell_0632",
            "cell_0633",
            "cell_0634",
            "cell_0635",
            "cell_0636",
            "cell_0637",
            "cell_0638",
            "cell_0639",
            "cell_0640"
          ],
          "focus_family": "governance_authority",
          "logical_cell_count": 32,
          "policy_envelope": {
            "profile_bounded": true,
            "supports_same_public_contract": true
          },
          "routing_targets": [
            "tissue_19",
            "tissue_19",
            "tissue_21"
          ],
          "tissue_hash": "52eca59c1a40421d5596a2dc357df11330e13183d8e46d236d46663cf5e45e7a",
          "tissue_id": "tissue_20",
          "tissue_name": "governance_authority_tissue_2"
        },
        {
          "active_cell_cap_by_profile": {
            "builder": 8,
            "laptop": 4,
            "mobile": 2
          },
          "cell_ids": [
            "cell_0641",
            "cell_0642",
            "cell_0643",
            "cell_0644",
            "cell_0645",
            "cell_0646",
            "cell_0647",
            "cell_0648",
            "cell_0649",
            "cell_0650",
            "cell_0651",
            "cell_0652",
            "cell_0653",
            "cell_0654",
            "cell_0655",
            "cell_0656",
            "cell_0657",
            "cell_0658",
            "cell_0659",
            "cell_0660",
            "cell_0661",
            "cell_0662",
            "cell_0663",
            "cell_0664",
            "cell_0665",
            "cell_0666",
            "cell_0667",
            "cell_0668",
            "cell_0669",
            "cell_0670",
            "cell_0671",
            "cell_0672"
          ],
          "focus_family": "transfer_broker",
          "logical_cell_count": 32,
          "policy_envelope": {
            "profile_bounded": true,
            "supports_same_public_contract": true
          },
          "routing_targets": [
            "tissue_22",
            "tissue_20",
            "tissue_22"
          ],
          "tissue_hash": "c04ccd94ca2fff08614f0ea42ac81df67aa3dc720fdbb60c60d862e4be93417a",
          "tissue_id": "tissue_21",
          "tissue_name": "transfer_broker_tissue_1"
        },
        {
          "active_cell_cap_by_profile": {
            "builder": 8,
            "laptop": 4,
            "mobile": 2
          },
          "cell_ids": [
            "cell_0673",
            "cell_0674",
            "cell_0675",
            "cell_0676",
            "cell_0677",
            "cell_0678",
            "cell_0679",
            "cell_0680",
            "cell_0681",
            "cell_0682",
            "cell_0683",
            "cell_0684",
            "cell_0685",
            "cell_0686",
            "cell_0687",
            "cell_0688",
            "cell_0689",
            "cell_0690",
            "cell_0691",
            "cell_0692",
            "cell_0693",
            "cell_0694",
            "cell_0695",
            "cell_0696",
            "cell_0697",
            "cell_0698",
            "cell_0699",
            "cell_0700",
            "cell_0701",
            "cell_0702",
            "cell_0703",
            "cell_0704"
          ],
          "focus_family": "transfer_broker",
          "logical_cell_count": 32,
          "policy_envelope": {
            "profile_bounded": true,
            "supports_same_public_contract": true
          },
          "routing_targets": [
            "tissue_21",
            "tissue_21",
            "tissue_23"
          ],
          "tissue_hash": "d7b886480de6403f1226bb3c6dc57177724e42c9a472ad3bff9230d5a905980c",
          "tissue_id": "tissue_22",
          "tissue_name": "transfer_broker_tissue_2"
        },
        {
          "active_cell_cap_by_profile": {
            "builder": 8,
            "laptop": 4,
            "mobile": 2
          },
          "cell_ids": [
            "cell_0705",
            "cell_0706",
            "cell_0707",
            "cell_0708",
            "cell_0709",
            "cell_0710",
            "cell_0711",
            "cell_0712",
            "cell_0713",
            "cell_0714",
            "cell_0715",
            "cell_0716",
            "cell_0717",
            "cell_0718",
            "cell_0719",
            "cell_0720",
            "cell_0721",
            "cell_0722",
            "cell_0723",
            "cell_0724",
            "cell_0725",
            "cell_0726",
            "cell_0727",
            "cell_0728",
            "cell_0729",
            "cell_0730",
            "cell_0731",
            "cell_0732",
            "cell_0733",
            "cell_0734",
            "cell_0735",
            "cell_0736"
          ],
          "focus_family": "scheduler_resource",
          "logical_cell_count": 32,
          "policy_envelope": {
            "profile_bounded": true,
            "supports_same_public_contract": true
          },
          "routing_targets": [
            "tissue_24",
            "tissue_22",
            "tissue_24"
          ],
          "tissue_hash": "9244d720475d279c40fda01367a8d9204691c100e9daa82cc812166242fdf75f",
          "tissue_id": "tissue_23",
          "tissue_name": "scheduler_resource_tissue_1"
        },
        {
          "active_cell_cap_by_profile": {
            "builder": 8,
            "laptop": 4,
            "mobile": 2
          },
          "cell_ids": [
            "cell_0737",
            "cell_0738",
            "cell_0739",
            "cell_0740",
            "cell_0741",
            "cell_0742",
            "cell_0743",
            "cell_0744",
            "cell_0745",
            "cell_0746",
            "cell_0747",
            "cell_0748",
            "cell_0749",
            "cell_0750",
            "cell_0751",
            "cell_0752",
            "cell_0753",
            "cell_0754",
            "cell_0755",
            "cell_0756",
            "cell_0757",
            "cell_0758",
            "cell_0759",
            "cell_0760",
            "cell_0761",
            "cell_0762",
            "cell_0763",
            "cell_0764",
            "cell_0765",
            "cell_0766",
            "cell_0767",
            "cell_0768"
          ],
          "focus_family": "scheduler_resource",
          "logical_cell_count": 32,
          "policy_envelope": {
            "profile_bounded": true,
            "supports_same_public_contract": true
          },
          "routing_targets": [
            "tissue_23",
            "tissue_23",
            "tissue_25"
          ],
          "tissue_hash": "fe8766e29eb6610399bc05c2b7b4e5ca9af1f8fc704a5aad67527b0bc335a7a7",
          "tissue_id": "tissue_24",
          "tissue_name": "scheduler_resource_tissue_2"
        },
        {
          "active_cell_cap_by_profile": {
            "builder": 8,
            "laptop": 4,
            "mobile": 2
          },
          "cell_ids": [
            "cell_0769",
            "cell_0770",
            "cell_0771",
            "cell_0772",
            "cell_0773",
            "cell_0774",
            "cell_0775",
            "cell_0776",
            "cell_0777",
            "cell_0778",
            "cell_0779",
            "cell_0780",
            "cell_0781",
            "cell_0782",
            "cell_0783",
            "cell_0784",
            "cell_0785",
            "cell_0786",
            "cell_0787",
            "cell_0788",
            "cell_0789",
            "cell_0790",
            "cell_0791",
            "cell_0792",
            "cell_0793",
            "cell_0794",
            "cell_0795",
            "cell_0796",
            "cell_0797",
            "cell_0798",
            "cell_0799",
            "cell_0800"
          ],
          "focus_family": "continuity_self_history",
          "logical_cell_count": 32,
          "policy_envelope": {
            "profile_bounded": true,
            "supports_same_public_contract": true
          },
          "routing_targets": [
            "tissue_26",
            "tissue_24",
            "tissue_26"
          ],
          "tissue_hash": "8f95b5ef4357d9f7475573af1c0658112161c1ae5a653e9be1da2335cd0386fe",
          "tissue_id": "tissue_25",
          "tissue_name": "continuity_self_history_tissue_1"
        },
        {
          "active_cell_cap_by_profile": {
            "builder": 8,
            "laptop": 4,
            "mobile": 2
          },
          "cell_ids": [
            "cell_0801",
            "cell_0802",
            "cell_0803",
            "cell_0804",
            "cell_0805",
            "cell_0806",
            "cell_0807",
            "cell_0808",
            "cell_0809",
            "cell_0810",
            "cell_0811",
            "cell_0812",
            "cell_0813",
            "cell_0814",
            "cell_0815",
            "cell_0816",
            "cell_0817",
            "cell_0818",
            "cell_0819",
            "cell_0820",
            "cell_0821",
            "cell_0822",
            "cell_0823",
            "cell_0824",
            "cell_0825",
            "cell_0826",
            "cell_0827",
            "cell_0828",
            "cell_0829",
            "cell_0830",
            "cell_0831",
            "cell_0832"
          ],
          "focus_family": "continuity_self_history",
          "logical_cell_count": 32,
          "policy_envelope": {
            "profile_bounded": true,
            "supports_same_public_contract": true
          },
          "routing_targets": [
            "tissue_25",
            "tissue_25",
            "tissue_27"
          ],
          "tissue_hash": "2796a4c8fc5c1857c78b8c4061fb5168e35ed7ff0a9e270265135fe63c103902",
          "tissue_id": "tissue_26",
          "tissue_name": "continuity_self_history_tissue_2"
        },
        {
          "active_cell_cap_by_profile": {
            "builder": 8,
            "laptop": 4,
            "mobile": 2
          },
          "cell_ids": [
            "cell_0833",
            "cell_0834",
            "cell_0835",
            "cell_0836",
            "cell_0837",
            "cell_0838",
            "cell_0839",
            "cell_0840",
            "cell_0841",
            "cell_0842",
            "cell_0843",
            "cell_0844",
            "cell_0845",
            "cell_0846",
            "cell_0847",
            "cell_0848",
            "cell_0849",
            "cell_0850",
            "cell_0851",
            "cell_0852",
            "cell_0853",
            "cell_0854",
            "cell_0855",
            "cell_0856",
            "cell_0857",
            "cell_0858",
            "cell_0859",
            "cell_0860",
            "cell_0861",
            "cell_0862",
            "cell_0863",
            "cell_0864"
          ],
          "focus_family": "language_realizer",
          "logical_cell_count": 32,
          "policy_envelope": {
            "profile_bounded": true,
            "supports_same_public_contract": true
          },
          "routing_targets": [
            "tissue_28",
            "tissue_26",
            "tissue_28"
          ],
          "tissue_hash": "14e26d5ab4d1511873782a19513cc94e8f6a5b61240f9fc858cce2607621828e",
          "tissue_id": "tissue_27",
          "tissue_name": "language_realizer_tissue_1"
        },
        {
          "active_cell_cap_by_profile": {
            "builder": 8,
            "laptop": 4,
            "mobile": 2
          },
          "cell_ids": [
            "cell_0865",
            "cell_0866",
            "cell_0867",
            "cell_0868",
            "cell_0869",
            "cell_0870",
            "cell_0871",
            "cell_0872",
            "cell_0873",
            "cell_0874",
            "cell_0875",
            "cell_0876",
            "cell_0877",
            "cell_0878",
            "cell_0879",
            "cell_0880",
            "cell_0881",
            "cell_0882",
            "cell_0883",
            "cell_0884",
            "cell_0885",
            "cell_0886",
            "cell_0887",
            "cell_0888",
            "cell_0889",
            "cell_0890",
            "cell_0891",
            "cell_0892",
            "cell_0893",
            "cell_0894",
            "cell_0895",
            "cell_0896"
          ],
          "focus_family": "language_realizer",
          "logical_cell_count": 32,
          "policy_envelope": {
            "profile_bounded": true,
            "supports_same_public_contract": true
          },
          "routing_targets": [
            "tissue_27",
            "tissue_27",
            "tissue_29"
          ],
          "tissue_hash": "c19e7c923fb4cb26cb13d11964918e2db5747414a90f197e324ffbc9c5f47981",
          "tissue_id": "tissue_28",
          "tissue_name": "language_realizer_tissue_2"
        },
        {
          "active_cell_cap_by_profile": {
            "builder": 8,
            "laptop": 4,
            "mobile": 2
          },
          "cell_ids": [
            "cell_0897",
            "cell_0898",
            "cell_0899",
            "cell_0900",
            "cell_0901",
            "cell_0902",
            "cell_0903",
            "cell_0904",
            "cell_0905",
            "cell_0906",
            "cell_0907",
            "cell_0908",
            "cell_0909",
            "cell_0910",
            "cell_0911",
            "cell_0912",
            "cell_0913",
            "cell_0914",
            "cell_0915",
            "cell_0916",
            "cell_0917",
            "cell_0918",
            "cell_0919",
            "cell_0920",
            "cell_0921",
            "cell_0922",
            "cell_0923",
            "cell_0924",
            "cell_0925",
            "cell_0926",
            "cell_0927",
            "cell_0928"
          ],
          "focus_family": "compression_retirement",
          "logical_cell_count": 32,
          "policy_envelope": {
            "profile_bounded": true,
            "supports_same_public_contract": true
          },
          "routing_targets": [
            "tissue_30",
            "tissue_28",
            "tissue_30"
          ],
          "tissue_hash": "d9c8d0d22cdedc0ed1c13463a43addab52a712911821f27b9135fb16b7a1c2c4",
          "tissue_id": "tissue_29",
          "tissue_name": "compression_retirement_tissue_1"
        },
        {
          "active_cell_cap_by_profile": {
            "builder": 8,
            "laptop": 4,
            "mobile": 2
          },
          "cell_ids": [
            "cell_0929",
            "cell_0930",
            "cell_0931",
            "cell_0932",
            "cell_0933",
            "cell_0934",
            "cell_0935",
            "cell_0936",
            "cell_0937",
            "cell_0938",
            "cell_0939",
            "cell_0940",
            "cell_0941",
            "cell_0942",
            "cell_0943",
            "cell_0944",
            "cell_0945",
            "cell_0946",
            "cell_0947",
            "cell_0948",
            "cell_0949",
            "cell_0950",
            "cell_0951",
            "cell_0952",
            "cell_0953",
            "cell_0954",
            "cell_0955",
            "cell_0956",
            "cell_0957",
            "cell_0958",
            "cell_0959",
            "cell_0960"
          ],
          "focus_family": "compression_retirement",
          "logical_cell_count": 32,
          "policy_envelope": {
            "profile_bounded": true,
            "supports_same_public_contract": true
          },
          "routing_targets": [
            "tissue_29",
            "tissue_29",
            "tissue_31"
          ],
          "tissue_hash": "feff761fc4069aa2de5496793c050bb92235e83d8cf17100b4f84f1806d1b744",
          "tissue_id": "tissue_30",
          "tissue_name": "compression_retirement_tissue_2"
        },
        {
          "active_cell_cap_by_profile": {
            "builder": 8,
            "laptop": 4,
            "mobile": 2
          },
          "cell_ids": [
            "cell_0961",
            "cell_0962",
            "cell_0963",
            "cell_0964",
            "cell_0965",
            "cell_0966",
            "cell_0967",
            "cell_0968",
            "cell_0969",
            "cell_0970",
            "cell_0971",
            "cell_0972",
            "cell_0973",
            "cell_0974",
            "cell_0975",
            "cell_0976",
            "cell_0977",
            "cell_0978",
            "cell_0979",
            "cell_0980",
            "cell_0981",
            "cell_0982",
            "cell_0983",
            "cell_0984",
            "cell_0985",
            "cell_0986",
            "cell_0987",
            "cell_0988",
            "cell_0989",
            "cell_0990",
            "cell_0991",
            "cell_0992"
          ],
          "focus_family": "audit_replay",
          "logical_cell_count": 32,
          "policy_envelope": {
            "profile_bounded": true,
            "supports_same_public_contract": true
          },
          "routing_targets": [
            "tissue_32",
            "tissue_30",
            "tissue_32"
          ],
          "tissue_hash": "86d3db9cac2a8d5cd25b23ed4dcd5d95a85e8964033b932600b794beb8936579",
          "tissue_id": "tissue_31",
          "tissue_name": "audit_replay_tissue_1"
        },
        {
          "active_cell_cap_by_profile": {
            "builder": 8,
            "laptop": 4,
            "mobile": 2
          },
          "cell_ids": [
            "cell_0993",
            "cell_0994",
            "cell_0995",
            "cell_0996",
            "cell_0997",
            "cell_0998",
            "cell_0999",
            "cell_1000",
            "cell_1001",
            "cell_1002",
            "cell_1003",
            "cell_1004",
            "cell_1005",
            "cell_1006",
            "cell_1007",
            "cell_1008",
            "cell_1009",
            "cell_1010",
            "cell_1011",
            "cell_1012",
            "cell_1013",
            "cell_1014",
            "cell_1015",
            "cell_1016",
            "cell_1017",
            "cell_1018",
            "cell_1019",
            "cell_1020",
            "cell_1021",
            "cell_1022",
            "cell_1023",
            "cell_1024"
          ],
          "focus_family": "audit_replay",
          "logical_cell_count": 32,
          "policy_envelope": {
            "profile_bounded": true,
            "supports_same_public_contract": true
          },
          "routing_targets": [
            "tissue_31",
            "tissue_31",
            "tissue_01"
          ],
          "tissue_hash": "c850cb15c0874fa67e2756c23c684fea2e7a0b11212bcc4d2885be9050aadb8d",
          "tissue_id": "tissue_32",
          "tissue_name": "audit_replay_tissue_2"
        }
      ],
      "total_logical_cell_count": 1024
    }
  },
  "assertions": [
    {
      "id": "runtime-imports-available",
      "result": "pass"
    },
    {
      "id": "tissue-count-within-locked-band",
      "result": "pass"
    },
    {
      "id": "exact-tissue-count",
      "result": "pass"
    },
    {
      "id": "tissue-cap-by-profile-present",
      "result": "pass"
    }
  ],
  "checked_files": [
    "projects/agifcore_master/01_plan/PHASE_14_SANDBOX_PROFILES_AND_SCALE_REALIZATION.md",
    "projects/agifcore_master/01_plan/PHASE_13_PRODUCT_RUNTIME_AND_UX.md",
    "projects/agifcore_master/01_plan/TRACE_CONTRACT.md",
    "projects/agifcore_master/01_plan/VALIDATION_PROTOCOL.md",
    "projects/agifcore_master/01_plan/DEMO_PROTOCOL.md",
    "projects/agifcore_master/03_design/SANDBOX_MODEL.md",
    "projects/agifcore_master/03_design/DEPLOYMENT_MODEL.md",
    "projects/agifcore_master/03_design/PRODUCT_RUNTIME_MODEL.md",
    "projects/agifcore_master/03_design/BUNDLE_INTEGRITY_MODEL.md",
    "projects/agifcore_master/04_execution/phase_03_cells_tissues_structure_and_bundles/agifcore_phase3_structure/active_dormant_control.py",
    "projects/agifcore_master/04_execution/phase_03_cells_tissues_structure_and_bundles/agifcore_phase3_structure/profile_budget_rules.py",
    "projects/agifcore_master/04_execution/phase_03_cells_tissues_structure_and_bundles/agifcore_phase3_structure/tissue_manifests.py",
    "projects/agifcore_master/04_execution/phase_13_product_runtime_and_ux/agifcore_phase13_product_runtime/contracts.py",
    "projects/agifcore_master/04_execution/phase_13_product_runtime_and_ux/agifcore_phase13_product_runtime/product_runtime_shell.py",
    "projects/agifcore_master/05_testing/phase_13_product_runtime_and_ux/_phase_13_verifier_common.py",
    "projects/agifcore_master/04_execution/phase_14_sandbox_profiles_and_scale_realization/agifcore_phase14_sandbox/contracts.py",
    "projects/agifcore_master/04_execution/phase_14_sandbox_profiles_and_scale_realization/agifcore_phase14_sandbox/sandbox_policy.py",
    "projects/agifcore_master/04_execution/phase_14_sandbox_profiles_and_scale_realization/agifcore_phase14_sandbox/wasmtime_fuel_limits.py",
    "projects/agifcore_master/04_execution/phase_14_sandbox_profiles_and_scale_realization/agifcore_phase14_sandbox/wasmtime_memory_limits.py",
    "projects/agifcore_master/04_execution/phase_14_sandbox_profiles_and_scale_realization/agifcore_phase14_sandbox/wasmtime_wall_time_limits.py",
    "projects/agifcore_master/04_execution/phase_14_sandbox_profiles_and_scale_realization/agifcore_phase14_sandbox/cell_manifest.py",
    "projects/agifcore_master/04_execution/phase_14_sandbox_profiles_and_scale_realization/agifcore_phase14_sandbox/tissue_manifest.py",
    "projects/agifcore_master/04_execution/phase_14_sandbox_profiles_and_scale_realization/agifcore_phase14_sandbox/profile_manifests.py",
    "projects/agifcore_master/04_execution/phase_14_sandbox_profiles_and_scale_realization/agifcore_phase14_sandbox/active_cell_budget.py",
    "projects/agifcore_master/04_execution/phase_14_sandbox_profiles_and_scale_realization/agifcore_phase14_sandbox/dormant_cell_survival.py",
    "projects/agifcore_master/04_execution/phase_14_sandbox_profiles_and_scale_realization/agifcore_phase14_sandbox/sandbox_profile_shell.py",
    "projects/agifcore_master/04_execution/phase_14_sandbox_profiles_and_scale_realization/agifcore_phase14_sandbox/__init__.py",
    "projects/agifcore_master/05_testing/phase_14_sandbox_profiles_and_scale_realization/_phase_14_verifier_common.py",
    "projects/agifcore_master/05_testing/phase_14_sandbox_profiles_and_scale_realization/verify_phase_14_tissue_manifest.py"
  ],
  "notes": [
    "the tissue manifest preserves a literal 32-tissue realization inside the locked 24-40 band",
    "Phase 14 remains open",
    "no approval implied"
  ],
  "outputs": {
    "manifest": "projects/agifcore_master/06_outputs/phase_14_sandbox_profiles_and_scale_realization/phase_14_evidence/phase_14_evidence_manifest.json",
    "report": "projects/agifcore_master/06_outputs/phase_14_sandbox_profiles_and_scale_realization/phase_14_evidence/phase_14_tissue_manifest_report.json"
  },
  "phase": "14",
  "status": "pass",
  "verifier": "verify_phase_14_tissue_manifest"
}

STDERR:
