COMMAND: python3 projects/agifcore_master/05_testing/phase_14_sandbox_profiles_and_scale_realization/verify_phase_14_dormant_cell_survival.py
EXIT: 0
STDOUT:
{
  "anchors": {
    "builder_proof": {
      "active_budget_hash": "189aa927196dd06f06d1c975a7af3f285001d9fa19cb1a5367a1781b9fabbeec",
      "active_cell_count": 160,
      "case_count": 4,
      "cases": [
        {
          "case_hash": "e293b4c57243709eaf8018f2f166aa154e08d8f9ee81af5fffd79f6030e3f429",
          "case_id": "builder_dormant_survival_01",
          "cell_id": "cell_0009",
          "lineage_id": "lineage_0003",
          "memory_review_export_hash": "a2d31910f16f441d6f86aea504d0b3fa733a5e83da3c31081e174da6e6c24fb8",
          "policy_hash_after": "6109ebabc459a1929a86a24c7130d1acda5d43bf424764e8c102c7b1bd4f2534",
          "policy_hash_before": "6109ebabc459a1929a86a24c7130d1acda5d43bf424764e8c102c7b1bd4f2534",
          "post_restart_continuity_ref": "continuity::0003::0009",
          "post_restart_lifecycle_state": "dormant",
          "post_restart_memory_anchor_ref": "memory::0003",
          "pre_shutdown_continuity_ref": "continuity::0003::0009",
          "pre_shutdown_lifecycle_state": "dormant",
          "pre_shutdown_memory_anchor_ref": "memory::0003",
          "preserved_continuity": true,
          "preserved_identity": true,
          "preserved_lineage": true,
          "preserved_memory_anchor": true,
          "preserved_policy_envelope": true,
          "profile": "builder",
          "shutdown_receipt_hash": "e5f49e04415daf7320c4ed41aa271a7b79c3d471fc97a89098cdf782f19946ba",
          "state_export_hash": "7b68148fcf82724a3d9362e17c0aef5145ad3e514766e77799756d957af6b6e5"
        },
        {
          "case_hash": "755968dfb8daf2b5be4a78753a5ed2f8261d8e39e0d3401b87b97c6b80f5475b",
          "case_id": "builder_dormant_survival_02",
          "cell_id": "cell_0297",
          "lineage_id": "lineage_0075",
          "memory_review_export_hash": "a2d31910f16f441d6f86aea504d0b3fa733a5e83da3c31081e174da6e6c24fb8",
          "policy_hash_after": "19cdde3c1ac95812bc620b9f24530ab2b3045bcc8c03d94aee2b47e9d220b831",
          "policy_hash_before": "19cdde3c1ac95812bc620b9f24530ab2b3045bcc8c03d94aee2b47e9d220b831",
          "post_restart_continuity_ref": "continuity::0075::0297",
          "post_restart_lifecycle_state": "dormant",
          "post_restart_memory_anchor_ref": "memory::0075",
          "pre_shutdown_continuity_ref": "continuity::0075::0297",
          "pre_shutdown_lifecycle_state": "dormant",
          "pre_shutdown_memory_anchor_ref": "memory::0075",
          "preserved_continuity": true,
          "preserved_identity": true,
          "preserved_lineage": true,
          "preserved_memory_anchor": true,
          "preserved_policy_envelope": true,
          "profile": "builder",
          "shutdown_receipt_hash": "e5f49e04415daf7320c4ed41aa271a7b79c3d471fc97a89098cdf782f19946ba",
          "state_export_hash": "7b68148fcf82724a3d9362e17c0aef5145ad3e514766e77799756d957af6b6e5"
        },
        {
          "case_hash": "9d5d117db10d12654ea76876d6f6859a2b7d8a824f60d44fd463a2436a1d0696",
          "case_id": "builder_dormant_survival_03",
          "cell_id": "cell_0585",
          "lineage_id": "lineage_0147",
          "memory_review_export_hash": "a2d31910f16f441d6f86aea504d0b3fa733a5e83da3c31081e174da6e6c24fb8",
          "policy_hash_after": "fbdd69bab4849439b46d8682dd6e7c3ba30ecd95fef2be89c52aa1dbe4152582",
          "policy_hash_before": "fbdd69bab4849439b46d8682dd6e7c3ba30ecd95fef2be89c52aa1dbe4152582",
          "post_restart_continuity_ref": "continuity::0147::0585",
          "post_restart_lifecycle_state": "dormant",
          "post_restart_memory_anchor_ref": "memory::0147",
          "pre_shutdown_continuity_ref": "continuity::0147::0585",
          "pre_shutdown_lifecycle_state": "dormant",
          "pre_shutdown_memory_anchor_ref": "memory::0147",
          "preserved_continuity": true,
          "preserved_identity": true,
          "preserved_lineage": true,
          "preserved_memory_anchor": true,
          "preserved_policy_envelope": true,
          "profile": "builder",
          "shutdown_receipt_hash": "e5f49e04415daf7320c4ed41aa271a7b79c3d471fc97a89098cdf782f19946ba",
          "state_export_hash": "7b68148fcf82724a3d9362e17c0aef5145ad3e514766e77799756d957af6b6e5"
        },
        {
          "case_hash": "0ada5b52b7369a4acd3a427754816f30c4980cce9008ee18ecac4401695e6364",
          "case_id": "builder_dormant_survival_04",
          "cell_id": "cell_0809",
          "lineage_id": "lineage_0203",
          "memory_review_export_hash": "a2d31910f16f441d6f86aea504d0b3fa733a5e83da3c31081e174da6e6c24fb8",
          "policy_hash_after": "3d5d1306323b1cdfabdd32f997ff50653fdc7f0fbe1dde969a1397c4eb48cb82",
          "policy_hash_before": "3d5d1306323b1cdfabdd32f997ff50653fdc7f0fbe1dde969a1397c4eb48cb82",
          "post_restart_continuity_ref": "continuity::0203::0809",
          "post_restart_lifecycle_state": "dormant",
          "post_restart_memory_anchor_ref": "memory::0203",
          "pre_shutdown_continuity_ref": "continuity::0203::0809",
          "pre_shutdown_lifecycle_state": "dormant",
          "pre_shutdown_memory_anchor_ref": "memory::0203",
          "preserved_continuity": true,
          "preserved_identity": true,
          "preserved_lineage": true,
          "preserved_memory_anchor": true,
          "preserved_policy_envelope": true,
          "profile": "builder",
          "shutdown_receipt_hash": "e5f49e04415daf7320c4ed41aa271a7b79c3d471fc97a89098cdf782f19946ba",
          "state_export_hash": "7b68148fcf82724a3d9362e17c0aef5145ad3e514766e77799756d957af6b6e5"
        }
      ],
      "cell_manifest_hash": "f0cb2b78bfa63c47b61d9b9d6c2ea89381fa6fa8fbdb537728383d84010393b7",
      "dormant_cell_count": 864,
      "memory_review_export_hash": "a2d31910f16f441d6f86aea504d0b3fa733a5e83da3c31081e174da6e6c24fb8",
      "profile": "builder",
      "proof_hash": "0d5847740d35a1f9ce5633a6b5a12a9019c701a4e87b1aa69ac881623c652859",
      "proof_mode": "shutdown_and_export_anchor",
      "schema": "agifcore.phase_14.dormant_survival_proof.v1",
      "shutdown_receipt_hash": "e5f49e04415daf7320c4ed41aa271a7b79c3d471fc97a89098cdf782f19946ba",
      "state_export_hash": "7b68148fcf82724a3d9362e17c0aef5145ad3e514766e77799756d957af6b6e5"
    },
    "laptop_proof": {
      "active_budget_hash": "357ac44f850f357bc4c8ea1ac1c97dd3c890ddddadeee2b13d78198fe1d21b21",
      "active_cell_count": 96,
      "case_count": 4,
      "cases": [
        {
          "case_hash": "d18de00696e3a5fc50b42d3f7bb1541810669db4a3ca93d92c7a0832ba40589c",
          "case_id": "laptop_dormant_survival_01",
          "cell_id": "cell_0005",
          "lineage_id": "lineage_0002",
          "memory_review_export_hash": "a2d31910f16f441d6f86aea504d0b3fa733a5e83da3c31081e174da6e6c24fb8",
          "policy_hash_after": "6109ebabc459a1929a86a24c7130d1acda5d43bf424764e8c102c7b1bd4f2534",
          "policy_hash_before": "6109ebabc459a1929a86a24c7130d1acda5d43bf424764e8c102c7b1bd4f2534",
          "post_restart_continuity_ref": "continuity::0002::0005",
          "post_restart_lifecycle_state": "dormant",
          "post_restart_memory_anchor_ref": "memory::0002",
          "pre_shutdown_continuity_ref": "continuity::0002::0005",
          "pre_shutdown_lifecycle_state": "dormant",
          "pre_shutdown_memory_anchor_ref": "memory::0002",
          "preserved_continuity": true,
          "preserved_identity": true,
          "preserved_lineage": true,
          "preserved_memory_anchor": true,
          "preserved_policy_envelope": true,
          "profile": "laptop",
          "shutdown_receipt_hash": "e5f49e04415daf7320c4ed41aa271a7b79c3d471fc97a89098cdf782f19946ba",
          "state_export_hash": "7b68148fcf82724a3d9362e17c0aef5145ad3e514766e77799756d957af6b6e5"
        },
        {
          "case_hash": "a518777606a3a1a07c6c37680df08a59f6cd2e54849526d8e9a8c9853d736e6e",
          "case_id": "laptop_dormant_survival_02",
          "cell_id": "cell_0269",
          "lineage_id": "lineage_0068",
          "memory_review_export_hash": "a2d31910f16f441d6f86aea504d0b3fa733a5e83da3c31081e174da6e6c24fb8",
          "policy_hash_after": "19cdde3c1ac95812bc620b9f24530ab2b3045bcc8c03d94aee2b47e9d220b831",
          "policy_hash_before": "19cdde3c1ac95812bc620b9f24530ab2b3045bcc8c03d94aee2b47e9d220b831",
          "post_restart_continuity_ref": "continuity::0068::0269",
          "post_restart_lifecycle_state": "dormant",
          "post_restart_memory_anchor_ref": "memory::0068",
          "pre_shutdown_continuity_ref": "continuity::0068::0269",
          "pre_shutdown_lifecycle_state": "dormant",
          "pre_shutdown_memory_anchor_ref": "memory::0068",
          "preserved_continuity": true,
          "preserved_identity": true,
          "preserved_lineage": true,
          "preserved_memory_anchor": true,
          "preserved_policy_envelope": true,
          "profile": "laptop",
          "shutdown_receipt_hash": "e5f49e04415daf7320c4ed41aa271a7b79c3d471fc97a89098cdf782f19946ba",
          "state_export_hash": "7b68148fcf82724a3d9362e17c0aef5145ad3e514766e77799756d957af6b6e5"
        },
        {
          "case_hash": "85609b8d201ed4dc612b493cd09f96118fd65a215f2ad5574e7e93aa9bd9bb62",
          "case_id": "laptop_dormant_survival_03",
          "cell_id": "cell_0533",
          "lineage_id": "lineage_0134",
          "memory_review_export_hash": "a2d31910f16f441d6f86aea504d0b3fa733a5e83da3c31081e174da6e6c24fb8",
          "policy_hash_after": "0d40bc1bd02062c43a6d4ac1ec2963138759b570b9b659195f7fb9ba62829535",
          "policy_hash_before": "0d40bc1bd02062c43a6d4ac1ec2963138759b570b9b659195f7fb9ba62829535",
          "post_restart_continuity_ref": "continuity::0134::0533",
          "post_restart_lifecycle_state": "dormant",
          "post_restart_memory_anchor_ref": "memory::0134",
          "pre_shutdown_continuity_ref": "continuity::0134::0533",
          "pre_shutdown_lifecycle_state": "dormant",
          "pre_shutdown_memory_anchor_ref": "memory::0134",
          "preserved_continuity": true,
          "preserved_identity": true,
          "preserved_lineage": true,
          "preserved_memory_anchor": true,
          "preserved_policy_envelope": true,
          "profile": "laptop",
          "shutdown_receipt_hash": "e5f49e04415daf7320c4ed41aa271a7b79c3d471fc97a89098cdf782f19946ba",
          "state_export_hash": "7b68148fcf82724a3d9362e17c0aef5145ad3e514766e77799756d957af6b6e5"
        },
        {
          "case_hash": "368c8f03666ecc343e7f43487dd31fed831f72f3d6c5ab42f4df96eb20341936",
          "case_id": "laptop_dormant_survival_04",
          "cell_id": "cell_0793",
          "lineage_id": "lineage_0199",
          "memory_review_export_hash": "a2d31910f16f441d6f86aea504d0b3fa733a5e83da3c31081e174da6e6c24fb8",
          "policy_hash_after": "3d5d1306323b1cdfabdd32f997ff50653fdc7f0fbe1dde969a1397c4eb48cb82",
          "policy_hash_before": "3d5d1306323b1cdfabdd32f997ff50653fdc7f0fbe1dde969a1397c4eb48cb82",
          "post_restart_continuity_ref": "continuity::0199::0793",
          "post_restart_lifecycle_state": "dormant",
          "post_restart_memory_anchor_ref": "memory::0199",
          "pre_shutdown_continuity_ref": "continuity::0199::0793",
          "pre_shutdown_lifecycle_state": "dormant",
          "pre_shutdown_memory_anchor_ref": "memory::0199",
          "preserved_continuity": true,
          "preserved_identity": true,
          "preserved_lineage": true,
          "preserved_memory_anchor": true,
          "preserved_policy_envelope": true,
          "profile": "laptop",
          "shutdown_receipt_hash": "e5f49e04415daf7320c4ed41aa271a7b79c3d471fc97a89098cdf782f19946ba",
          "state_export_hash": "7b68148fcf82724a3d9362e17c0aef5145ad3e514766e77799756d957af6b6e5"
        }
      ],
      "cell_manifest_hash": "f0cb2b78bfa63c47b61d9b9d6c2ea89381fa6fa8fbdb537728383d84010393b7",
      "dormant_cell_count": 928,
      "memory_review_export_hash": "a2d31910f16f441d6f86aea504d0b3fa733a5e83da3c31081e174da6e6c24fb8",
      "profile": "laptop",
      "proof_hash": "a9e2b3deb4d9194c10447fa16e8427247f0705355b197a633bd6b5fc7a69758c",
      "proof_mode": "shutdown_and_export_anchor",
      "schema": "agifcore.phase_14.dormant_survival_proof.v1",
      "shutdown_receipt_hash": "e5f49e04415daf7320c4ed41aa271a7b79c3d471fc97a89098cdf782f19946ba",
      "state_export_hash": "7b68148fcf82724a3d9362e17c0aef5145ad3e514766e77799756d957af6b6e5"
    },
    "mobile_proof": {
      "active_budget_hash": "b43792a4f6c60818af258e53381f80e5dcd06a5a6c433b03979a32a223aa0a67",
      "active_cell_count": 16,
      "case_count": 4,
      "cases": [
        {
          "case_hash": "c68d8289cd9744a55f58455526899a703ce0c9d15e3c0cb23bd36656518a2547",
          "case_id": "mobile_dormant_survival_01",
          "cell_id": "cell_0003",
          "lineage_id": "lineage_0001",
          "memory_review_export_hash": "a2d31910f16f441d6f86aea504d0b3fa733a5e83da3c31081e174da6e6c24fb8",
          "policy_hash_after": "6109ebabc459a1929a86a24c7130d1acda5d43bf424764e8c102c7b1bd4f2534",
          "policy_hash_before": "6109ebabc459a1929a86a24c7130d1acda5d43bf424764e8c102c7b1bd4f2534",
          "post_restart_continuity_ref": "continuity::0001::0003",
          "post_restart_lifecycle_state": "dormant",
          "post_restart_memory_anchor_ref": "memory::0001",
          "pre_shutdown_continuity_ref": "continuity::0001::0003",
          "pre_shutdown_lifecycle_state": "dormant",
          "pre_shutdown_memory_anchor_ref": "memory::0001",
          "preserved_continuity": true,
          "preserved_identity": true,
          "preserved_lineage": true,
          "preserved_memory_anchor": true,
          "preserved_policy_envelope": true,
          "profile": "mobile",
          "shutdown_receipt_hash": "e5f49e04415daf7320c4ed41aa271a7b79c3d471fc97a89098cdf782f19946ba",
          "state_export_hash": "7b68148fcf82724a3d9362e17c0aef5145ad3e514766e77799756d957af6b6e5"
        },
        {
          "case_hash": "14890294403307234a310750b88132cc2593b04b4d25f22cec5ed7a71daac73a",
          "case_id": "mobile_dormant_survival_02",
          "cell_id": "cell_0269",
          "lineage_id": "lineage_0068",
          "memory_review_export_hash": "a2d31910f16f441d6f86aea504d0b3fa733a5e83da3c31081e174da6e6c24fb8",
          "policy_hash_after": "19cdde3c1ac95812bc620b9f24530ab2b3045bcc8c03d94aee2b47e9d220b831",
          "policy_hash_before": "19cdde3c1ac95812bc620b9f24530ab2b3045bcc8c03d94aee2b47e9d220b831",
          "post_restart_continuity_ref": "continuity::0068::0269",
          "post_restart_lifecycle_state": "dormant",
          "post_restart_memory_anchor_ref": "memory::0068",
          "pre_shutdown_continuity_ref": "continuity::0068::0269",
          "pre_shutdown_lifecycle_state": "dormant",
          "pre_shutdown_memory_anchor_ref": "memory::0068",
          "preserved_continuity": true,
          "preserved_identity": true,
          "preserved_lineage": true,
          "preserved_memory_anchor": true,
          "preserved_policy_envelope": true,
          "profile": "mobile",
          "shutdown_receipt_hash": "e5f49e04415daf7320c4ed41aa271a7b79c3d471fc97a89098cdf782f19946ba",
          "state_export_hash": "7b68148fcf82724a3d9362e17c0aef5145ad3e514766e77799756d957af6b6e5"
        },
        {
          "case_hash": "232403411b7fec14df034ac8f91301f6fd0d4c7bcdccb4c10d74357ab7d808d6",
          "case_id": "mobile_dormant_survival_03",
          "cell_id": "cell_0521",
          "lineage_id": "lineage_0131",
          "memory_review_export_hash": "a2d31910f16f441d6f86aea504d0b3fa733a5e83da3c31081e174da6e6c24fb8",
          "policy_hash_after": "0d40bc1bd02062c43a6d4ac1ec2963138759b570b9b659195f7fb9ba62829535",
          "policy_hash_before": "0d40bc1bd02062c43a6d4ac1ec2963138759b570b9b659195f7fb9ba62829535",
          "post_restart_continuity_ref": "continuity::0131::0521",
          "post_restart_lifecycle_state": "dormant",
          "post_restart_memory_anchor_ref": "memory::0131",
          "pre_shutdown_continuity_ref": "continuity::0131::0521",
          "pre_shutdown_lifecycle_state": "dormant",
          "pre_shutdown_memory_anchor_ref": "memory::0131",
          "preserved_continuity": true,
          "preserved_identity": true,
          "preserved_lineage": true,
          "preserved_memory_anchor": true,
          "preserved_policy_envelope": true,
          "profile": "mobile",
          "shutdown_receipt_hash": "e5f49e04415daf7320c4ed41aa271a7b79c3d471fc97a89098cdf782f19946ba",
          "state_export_hash": "7b68148fcf82724a3d9362e17c0aef5145ad3e514766e77799756d957af6b6e5"
        },
        {
          "case_hash": "cc295942e00d2c7c309706e6b356e5455e63c9866e5bab0d0c4fe55b5022bcd1",
          "case_id": "mobile_dormant_survival_04",
          "cell_id": "cell_0773",
          "lineage_id": "lineage_0194",
          "memory_review_export_hash": "a2d31910f16f441d6f86aea504d0b3fa733a5e83da3c31081e174da6e6c24fb8",
          "policy_hash_after": "3d5d1306323b1cdfabdd32f997ff50653fdc7f0fbe1dde969a1397c4eb48cb82",
          "policy_hash_before": "3d5d1306323b1cdfabdd32f997ff50653fdc7f0fbe1dde969a1397c4eb48cb82",
          "post_restart_continuity_ref": "continuity::0194::0773",
          "post_restart_lifecycle_state": "dormant",
          "post_restart_memory_anchor_ref": "memory::0194",
          "pre_shutdown_continuity_ref": "continuity::0194::0773",
          "pre_shutdown_lifecycle_state": "dormant",
          "pre_shutdown_memory_anchor_ref": "memory::0194",
          "preserved_continuity": true,
          "preserved_identity": true,
          "preserved_lineage": true,
          "preserved_memory_anchor": true,
          "preserved_policy_envelope": true,
          "profile": "mobile",
          "shutdown_receipt_hash": "e5f49e04415daf7320c4ed41aa271a7b79c3d471fc97a89098cdf782f19946ba",
          "state_export_hash": "7b68148fcf82724a3d9362e17c0aef5145ad3e514766e77799756d957af6b6e5"
        }
      ],
      "cell_manifest_hash": "f0cb2b78bfa63c47b61d9b9d6c2ea89381fa6fa8fbdb537728383d84010393b7",
      "dormant_cell_count": 1008,
      "memory_review_export_hash": "a2d31910f16f441d6f86aea504d0b3fa733a5e83da3c31081e174da6e6c24fb8",
      "profile": "mobile",
      "proof_hash": "1da30f93bf21d9a2aefd2c77892ecb11690989546c6980f5e830d20072a42b43",
      "proof_mode": "shutdown_and_export_anchor",
      "schema": "agifcore.phase_14.dormant_survival_proof.v1",
      "shutdown_receipt_hash": "e5f49e04415daf7320c4ed41aa271a7b79c3d471fc97a89098cdf782f19946ba",
      "state_export_hash": "7b68148fcf82724a3d9362e17c0aef5145ad3e514766e77799756d957af6b6e5"
    }
  },
  "assertions": [
    {
      "id": "runtime-imports-available",
      "result": "pass"
    },
    {
      "id": "proof-case-count-bounded",
      "result": "pass"
    },
    {
      "id": "continuity-preserved",
      "result": "pass"
    },
    {
      "id": "memory-anchor-preserved",
      "result": "pass"
    },
    {
      "id": "shutdown-and-export-anchors-present",
      "result": "pass"
    }
  ],
  "checked_files": [
    "projects/agifcore_master/01_plan/PHASE_14_SANDBOX_PROFILES_AND_SCALE_REALIZATION.md",
    "projects/agifcore_master/01_plan/PHASE_13_PRODUCT_RUNTIME_AND_UX.md",
    "projects/agifcore_master/01_plan/TRACE_CONTRACT.md",
    "projects/agifcore_master/01_plan/VALIDATION_PROTOCOL.md",
    "projects/agifcore_master/01_plan/DEMO_PROTOCOL.md",
    "projects/agifcore_master/03_design/SANDBOX_MODEL.md",
    "projects/agifcore_master/03_design/DEPLOYMENT_MODEL.md",
    "projects/agifcore_master/03_design/PRODUCT_RUNTIME_MODEL.md",
    "projects/agifcore_master/03_design/BUNDLE_INTEGRITY_MODEL.md",
    "projects/agifcore_master/04_execution/phase_03_cells_tissues_structure_and_bundles/agifcore_phase3_structure/active_dormant_control.py",
    "projects/agifcore_master/04_execution/phase_03_cells_tissues_structure_and_bundles/agifcore_phase3_structure/profile_budget_rules.py",
    "projects/agifcore_master/04_execution/phase_03_cells_tissues_structure_and_bundles/agifcore_phase3_structure/tissue_manifests.py",
    "projects/agifcore_master/04_execution/phase_13_product_runtime_and_ux/agifcore_phase13_product_runtime/contracts.py",
    "projects/agifcore_master/04_execution/phase_13_product_runtime_and_ux/agifcore_phase13_product_runtime/product_runtime_shell.py",
    "projects/agifcore_master/05_testing/phase_13_product_runtime_and_ux/_phase_13_verifier_common.py",
    "projects/agifcore_master/04_execution/phase_14_sandbox_profiles_and_scale_realization/agifcore_phase14_sandbox/contracts.py",
    "projects/agifcore_master/04_execution/phase_14_sandbox_profiles_and_scale_realization/agifcore_phase14_sandbox/sandbox_policy.py",
    "projects/agifcore_master/04_execution/phase_14_sandbox_profiles_and_scale_realization/agifcore_phase14_sandbox/wasmtime_fuel_limits.py",
    "projects/agifcore_master/04_execution/phase_14_sandbox_profiles_and_scale_realization/agifcore_phase14_sandbox/wasmtime_memory_limits.py",
    "projects/agifcore_master/04_execution/phase_14_sandbox_profiles_and_scale_realization/agifcore_phase14_sandbox/wasmtime_wall_time_limits.py",
    "projects/agifcore_master/04_execution/phase_14_sandbox_profiles_and_scale_realization/agifcore_phase14_sandbox/cell_manifest.py",
    "projects/agifcore_master/04_execution/phase_14_sandbox_profiles_and_scale_realization/agifcore_phase14_sandbox/tissue_manifest.py",
    "projects/agifcore_master/04_execution/phase_14_sandbox_profiles_and_scale_realization/agifcore_phase14_sandbox/profile_manifests.py",
    "projects/agifcore_master/04_execution/phase_14_sandbox_profiles_and_scale_realization/agifcore_phase14_sandbox/active_cell_budget.py",
    "projects/agifcore_master/04_execution/phase_14_sandbox_profiles_and_scale_realization/agifcore_phase14_sandbox/dormant_cell_survival.py",
    "projects/agifcore_master/04_execution/phase_14_sandbox_profiles_and_scale_realization/agifcore_phase14_sandbox/sandbox_profile_shell.py",
    "projects/agifcore_master/04_execution/phase_14_sandbox_profiles_and_scale_realization/agifcore_phase14_sandbox/__init__.py",
    "projects/agifcore_master/05_testing/phase_14_sandbox_profiles_and_scale_realization/_phase_14_verifier_common.py",
    "projects/agifcore_master/05_testing/phase_14_sandbox_profiles_and_scale_realization/verify_phase_14_dormant_cell_survival.py"
  ],
  "notes": [
    "dormant survival proofs stay tied to exported continuity and shutdown anchors instead of prose-only claims",
    "Phase 14 remains open",
    "no approval implied"
  ],
  "outputs": {
    "manifest": "projects/agifcore_master/06_outputs/phase_14_sandbox_profiles_and_scale_realization/phase_14_evidence/phase_14_evidence_manifest.json",
    "report": "projects/agifcore_master/06_outputs/phase_14_sandbox_profiles_and_scale_realization/phase_14_evidence/phase_14_dormant_survival_report.json"
  },
  "phase": "14",
  "status": "pass",
  "verifier": "verify_phase_14_dormant_cell_survival"
}

STDERR:
